{"/Users/julienlondeix/Documents/private/projects/knowledger/frontend/components/category/form/CategorySelect.js": {"path":"/Users/julienlondeix/Documents/private/projects/knowledger/frontend/components/category/form/CategorySelect.js","statementMap":{"0":{"start":{"line":10,"column":66},"end":{"line":10,"column":76}},"1":{"start":{"line":11,"column":8},"end":{"line":42,"column":9}},"2":{"start":{"line":14,"column":16},"end":{"line":14,"column":50}},"3":{"start":{"line":14,"column":29},"end":{"line":14,"column":50}},"4":{"start":{"line":15,"column":16},"end":{"line":15,"column":66}},"5":{"start":{"line":15,"column":27},"end":{"line":15,"column":66}},"6":{"start":{"line":16,"column":32},"end":{"line":16,"column":103}},"7":{"start":{"line":16,"column":61},"end":{"line":16,"column":101}},"8":{"start":{"line":17,"column":40},"end":{"line":21,"column":26}},"9":{"start":{"line":19,"column":41},"end":{"line":19,"column":48}},"10":{"start":{"line":22,"column":37},"end":{"line":24,"column":26}},"11":{"start":{"line":23,"column":47},"end":{"line":23,"column":85}},"12":{"start":{"line":25,"column":36},"end":{"line":35,"column":17}},"13":{"start":{"line":36,"column":16},"end":{"line":39,"column":17}},"14":{"start":{"line":46,"column":0},"end":{"line":52,"column":1}}},"fnMap":{"0":{"name":"(anonymous_0)","decl":{"start":{"line":9,"column":4},"end":{"line":9,"column":5}},"loc":{"start":{"line":9,"column":13},"end":{"line":43,"column":5}},"line":9},"1":{"name":"(anonymous_1)","decl":{"start":{"line":13,"column":14},"end":{"line":13,"column":15}},"loc":{"start":{"line":13,"column":44},"end":{"line":40,"column":13}},"line":13},"2":{"name":"(anonymous_2)","decl":{"start":{"line":16,"column":52},"end":{"line":16,"column":53}},"loc":{"start":{"line":16,"column":61},"end":{"line":16,"column":101}},"line":16},"3":{"name":"(anonymous_3)","decl":{"start":{"line":19,"column":36},"end":{"line":19,"column":37}},"loc":{"start":{"line":19,"column":41},"end":{"line":19,"column":48}},"line":19},"4":{"name":"(anonymous_4)","decl":{"start":{"line":23,"column":37},"end":{"line":23,"column":38}},"loc":{"start":{"line":23,"column":47},"end":{"line":23,"column":85}},"line":23}},"branchMap":{"0":{"loc":{"start":{"line":14,"column":16},"end":{"line":14,"column":50}},"type":"if","locations":[{"start":{"line":14,"column":16},"end":{"line":14,"column":50}},{"start":{"line":14,"column":16},"end":{"line":14,"column":50}}],"line":14},"1":{"loc":{"start":{"line":15,"column":16},"end":{"line":15,"column":66}},"type":"if","locations":[{"start":{"line":15,"column":16},"end":{"line":15,"column":66}},{"start":{"line":15,"column":16},"end":{"line":15,"column":66}}],"line":15},"2":{"loc":{"start":{"line":17,"column":40},"end":{"line":21,"column":26}},"type":"cond-expr","locations":[{"start":{"line":18,"column":20},"end":{"line":20,"column":42}},{"start":{"line":21,"column":22},"end":{"line":21,"column":26}}],"line":17},"3":{"loc":{"start":{"line":18,"column":20},"end":{"line":20,"column":42}},"type":"cond-expr","locations":[{"start":{"line":19,"column":26},"end":{"line":19,"column":49}},{"start":{"line":20,"column":26},"end":{"line":20,"column":42}}],"line":18},"4":{"loc":{"start":{"line":22,"column":37},"end":{"line":24,"column":26}},"type":"cond-expr","locations":[{"start":{"line":23,"column":22},"end":{"line":23,"column":86}},{"start":{"line":24,"column":22},"end":{"line":24,"column":26}}],"line":22},"5":{"loc":{"start":{"line":26,"column":34},"end":{"line":26,"column":91}},"type":"cond-expr","locations":[{"start":{"line":26,"column":44},"end":{"line":26,"column":66}},{"start":{"line":26,"column":69},"end":{"line":26,"column":91}}],"line":26},"6":{"loc":{"start":{"line":36,"column":24},"end":{"line":38,"column":51}},"type":"cond-expr","locations":[{"start":{"line":37,"column":22},"end":{"line":37,"column":60}},{"start":{"line":38,"column":22},"end":{"line":38,"column":51}}],"line":36}},"s":{"0":9,"1":9,"2":18,"3":9,"4":9,"5":1,"6":8,"7":7,"8":8,"9":1,"10":8,"11":2,"12":8,"13":8,"14":1},"f":{"0":9,"1":18,"2":7,"3":1,"4":2},"b":{"0":[9,9],"1":[1,8],"2":[2,6],"3":[1,1],"4":[2,6],"5":[1,7],"6":[1,7]},"_coverageSchema":"43e27e138ebf9cfc5966b082cf9a028302ed4184","hash":"0ef5f3a7351fe446555ec38f8856c2d1d09aa1a5"}
,"/Users/julienlondeix/Documents/private/projects/knowledger/frontend/components/tag/form/TagSelect.js": {"path":"/Users/julienlondeix/Documents/private/projects/knowledger/frontend/components/tag/form/TagSelect.js","statementMap":{"0":{"start":{"line":10,"column":66},"end":{"line":10,"column":76}},"1":{"start":{"line":11,"column":8},"end":{"line":42,"column":9}},"2":{"start":{"line":14,"column":16},"end":{"line":14,"column":50}},"3":{"start":{"line":14,"column":29},"end":{"line":14,"column":50}},"4":{"start":{"line":15,"column":16},"end":{"line":15,"column":66}},"5":{"start":{"line":15,"column":27},"end":{"line":15,"column":66}},"6":{"start":{"line":16,"column":32},"end":{"line":16,"column":97}},"7":{"start":{"line":16,"column":55},"end":{"line":16,"column":95}},"8":{"start":{"line":17,"column":40},"end":{"line":21,"column":26}},"9":{"start":{"line":19,"column":41},"end":{"line":19,"column":48}},"10":{"start":{"line":22,"column":37},"end":{"line":24,"column":26}},"11":{"start":{"line":23,"column":47},"end":{"line":23,"column":85}},"12":{"start":{"line":25,"column":36},"end":{"line":35,"column":17}},"13":{"start":{"line":36,"column":16},"end":{"line":39,"column":17}},"14":{"start":{"line":46,"column":0},"end":{"line":52,"column":1}}},"fnMap":{"0":{"name":"(anonymous_0)","decl":{"start":{"line":9,"column":4},"end":{"line":9,"column":5}},"loc":{"start":{"line":9,"column":13},"end":{"line":43,"column":5}},"line":9},"1":{"name":"(anonymous_1)","decl":{"start":{"line":13,"column":14},"end":{"line":13,"column":15}},"loc":{"start":{"line":13,"column":44},"end":{"line":40,"column":13}},"line":13},"2":{"name":"(anonymous_2)","decl":{"start":{"line":16,"column":46},"end":{"line":16,"column":47}},"loc":{"start":{"line":16,"column":55},"end":{"line":16,"column":95}},"line":16},"3":{"name":"(anonymous_3)","decl":{"start":{"line":19,"column":36},"end":{"line":19,"column":37}},"loc":{"start":{"line":19,"column":41},"end":{"line":19,"column":48}},"line":19},"4":{"name":"(anonymous_4)","decl":{"start":{"line":23,"column":37},"end":{"line":23,"column":38}},"loc":{"start":{"line":23,"column":47},"end":{"line":23,"column":85}},"line":23}},"branchMap":{"0":{"loc":{"start":{"line":14,"column":16},"end":{"line":14,"column":50}},"type":"if","locations":[{"start":{"line":14,"column":16},"end":{"line":14,"column":50}},{"start":{"line":14,"column":16},"end":{"line":14,"column":50}}],"line":14},"1":{"loc":{"start":{"line":15,"column":16},"end":{"line":15,"column":66}},"type":"if","locations":[{"start":{"line":15,"column":16},"end":{"line":15,"column":66}},{"start":{"line":15,"column":16},"end":{"line":15,"column":66}}],"line":15},"2":{"loc":{"start":{"line":17,"column":40},"end":{"line":21,"column":26}},"type":"cond-expr","locations":[{"start":{"line":18,"column":20},"end":{"line":20,"column":42}},{"start":{"line":21,"column":22},"end":{"line":21,"column":26}}],"line":17},"3":{"loc":{"start":{"line":18,"column":20},"end":{"line":20,"column":42}},"type":"cond-expr","locations":[{"start":{"line":19,"column":26},"end":{"line":19,"column":49}},{"start":{"line":20,"column":26},"end":{"line":20,"column":42}}],"line":18},"4":{"loc":{"start":{"line":22,"column":37},"end":{"line":24,"column":26}},"type":"cond-expr","locations":[{"start":{"line":23,"column":22},"end":{"line":23,"column":86}},{"start":{"line":24,"column":22},"end":{"line":24,"column":26}}],"line":22},"5":{"loc":{"start":{"line":26,"column":34},"end":{"line":26,"column":80}},"type":"cond-expr","locations":[{"start":{"line":26,"column":44},"end":{"line":26,"column":60}},{"start":{"line":26,"column":63},"end":{"line":26,"column":80}}],"line":26},"6":{"loc":{"start":{"line":36,"column":24},"end":{"line":38,"column":51}},"type":"cond-expr","locations":[{"start":{"line":37,"column":22},"end":{"line":37,"column":60}},{"start":{"line":38,"column":22},"end":{"line":38,"column":51}}],"line":36}},"s":{"0":9,"1":9,"2":18,"3":9,"4":9,"5":1,"6":8,"7":7,"8":8,"9":1,"10":8,"11":2,"12":8,"13":8,"14":1},"f":{"0":9,"1":18,"2":7,"3":1,"4":2},"b":{"0":[9,9],"1":[1,8],"2":[2,6],"3":[1,1],"4":[2,6],"5":[1,7],"6":[1,7]},"_coverageSchema":"43e27e138ebf9cfc5966b082cf9a028302ed4184","hash":"086be32a5350de4574a7cd10e72ca58462e05ac1"}
,"/Users/julienlondeix/Documents/private/projects/knowledger/frontend/pages/index.js": {"path":"/Users/julienlondeix/Documents/private/projects/knowledger/frontend/pages/index.js","statementMap":{"0":{"start":{"line":1,"column":13},"end":{"line":5,"column":1}},"1":{"start":{"line":2,"column":4},"end":{"line":4,"column":10}}},"fnMap":{"0":{"name":"(anonymous_0)","decl":{"start":{"line":1,"column":13},"end":{"line":1,"column":14}},"loc":{"start":{"line":2,"column":4},"end":{"line":4,"column":10}},"line":2}},"branchMap":{},"s":{"0":1,"1":1},"f":{"0":1},"b":{},"_coverageSchema":"43e27e138ebf9cfc5966b082cf9a028302ed4184","hash":"7d9e8e7f36975fa17057473ffa737ce9dd2764af"}
,"/Users/julienlondeix/Documents/private/projects/knowledger/frontend/queries/CATEGORIES_QUERY.js": {"path":"/Users/julienlondeix/Documents/private/projects/knowledger/frontend/queries/CATEGORIES_QUERY.js","statementMap":{"0":{"start":{"line":3,"column":25},"end":{"line":10,"column":1}}},"fnMap":{},"branchMap":{},"s":{"0":1},"f":{},"b":{},"_coverageSchema":"43e27e138ebf9cfc5966b082cf9a028302ed4184","hash":"d941f15ab5eaee52c4c148f1e64f859fab9977b4"}
,"/Users/julienlondeix/Documents/private/projects/knowledger/frontend/queries/TAGS_QUERY.js": {"path":"/Users/julienlondeix/Documents/private/projects/knowledger/frontend/queries/TAGS_QUERY.js","statementMap":{"0":{"start":{"line":3,"column":19},"end":{"line":12,"column":1}}},"fnMap":{},"branchMap":{},"s":{"0":1},"f":{},"b":{},"_coverageSchema":"43e27e138ebf9cfc5966b082cf9a028302ed4184","hash":"4686d5bb6c15475d85e2f68bd411af6620f28d27"}
}
