{"/Users/julienlondeix/Documents/private/projects/knowledger/frontend/components/Error.js": {"path":"/Users/julienlondeix/Documents/private/projects/knowledger/frontend/components/Error.js","statementMap":{"0":{"start":{"line":7,"column":26},"end":{"line":7,"column":36}},"1":{"start":{"line":8,"column":8},"end":{"line":8,"column":49}},"2":{"start":{"line":8,"column":38},"end":{"line":8,"column":49}},"3":{"start":{"line":10,"column":8},"end":{"line":23,"column":9}},"4":{"start":{"line":15,"column":12},"end":{"line":22,"column":14}},"5":{"start":{"line":16,"column":16},"end":{"line":21,"column":30}},"6":{"start":{"line":25,"column":8},"end":{"line":32,"column":9}},"7":{"start":{"line":36,"column":0},"end":{"line":38,"column":2}},"8":{"start":{"line":40,"column":0},"end":{"line":42,"column":2}}},"fnMap":{"0":{"name":"(anonymous_0)","decl":{"start":{"line":6,"column":4},"end":{"line":6,"column":5}},"loc":{"start":{"line":6,"column":13},"end":{"line":33,"column":5}},"line":6},"1":{"name":"(anonymous_1)","decl":{"start":{"line":15,"column":56},"end":{"line":15,"column":57}},"loc":{"start":{"line":16,"column":16},"end":{"line":21,"column":30}},"line":16}},"branchMap":{"0":{"loc":{"start":{"line":8,"column":8},"end":{"line":8,"column":49}},"type":"if","locations":[{"start":{"line":8,"column":8},"end":{"line":8,"column":49}},{"start":{"line":8,"column":8},"end":{"line":8,"column":49}}],"line":8},"1":{"loc":{"start":{"line":8,"column":12},"end":{"line":8,"column":36}},"type":"binary-expr","locations":[{"start":{"line":8,"column":12},"end":{"line":8,"column":18}},{"start":{"line":8,"column":22},"end":{"line":8,"column":36}}],"line":8},"2":{"loc":{"start":{"line":10,"column":8},"end":{"line":23,"column":9}},"type":"if","locations":[{"start":{"line":10,"column":8},"end":{"line":23,"column":9}},{"start":{"line":10,"column":8},"end":{"line":23,"column":9}}],"line":10},"3":{"loc":{"start":{"line":11,"column":12},"end":{"line":13,"column":51}},"type":"binary-expr","locations":[{"start":{"line":11,"column":12},"end":{"line":11,"column":30}},{"start":{"line":12,"column":12},"end":{"line":12,"column":37}},{"start":{"line":13,"column":12},"end":{"line":13,"column":51}}],"line":11}},"s":{"0":4,"1":4,"2":2,"3":2,"4":1,"5":1,"6":1,"7":2,"8":2},"f":{"0":4,"1":1},"b":{"0":[2,2],"1":[4,4],"2":[1,1],"3":[2,1,1]},"_coverageSchema":"43e27e138ebf9cfc5966b082cf9a028302ed4184","hash":"c0222f0c84d214c53ad41b55ced9203fe149720d"}
,"/Users/julienlondeix/Documents/private/projects/knowledger/frontend/components/Header.js": {"path":"/Users/julienlondeix/Documents/private/projects/knowledger/frontend/components/Header.js","statementMap":{"0":{"start":{"line":9,"column":0},"end":{"line":11,"column":1}},"1":{"start":{"line":10,"column":4},"end":{"line":10,"column":21}},"2":{"start":{"line":13,"column":0},"end":{"line":15,"column":1}},"3":{"start":{"line":14,"column":4},"end":{"line":14,"column":20}},"4":{"start":{"line":17,"column":0},"end":{"line":20,"column":1}},"5":{"start":{"line":18,"column":4},"end":{"line":18,"column":37}},"6":{"start":{"line":19,"column":4},"end":{"line":19,"column":20}},"7":{"start":{"line":22,"column":15},"end":{"line":39,"column":1}},"8":{"start":{"line":23,"column":4},"end":{"line":38,"column":19}}},"fnMap":{"0":{"name":"(anonymous_0)","decl":{"start":{"line":9,"column":28},"end":{"line":9,"column":29}},"loc":{"start":{"line":9,"column":34},"end":{"line":11,"column":1}},"line":9},"1":{"name":"(anonymous_1)","decl":{"start":{"line":13,"column":31},"end":{"line":13,"column":32}},"loc":{"start":{"line":13,"column":37},"end":{"line":15,"column":1}},"line":13},"2":{"name":"(anonymous_2)","decl":{"start":{"line":17,"column":28},"end":{"line":17,"column":29}},"loc":{"start":{"line":17,"column":34},"end":{"line":20,"column":1}},"line":17},"3":{"name":"(anonymous_3)","decl":{"start":{"line":22,"column":15},"end":{"line":22,"column":16}},"loc":{"start":{"line":23,"column":4},"end":{"line":38,"column":19}},"line":23}},"branchMap":{},"s":{"0":1,"1":0,"2":1,"3":0,"4":1,"5":0,"6":0,"7":1,"8":1},"f":{"0":0,"1":0,"2":0,"3":1},"b":{},"_coverageSchema":"43e27e138ebf9cfc5966b082cf9a028302ed4184","hash":"4e344c1020e61f11534c92672ed41d3cf75f663e"}
,"/Users/julienlondeix/Documents/private/projects/knowledger/frontend/components/Meta.js": {"path":"/Users/julienlondeix/Documents/private/projects/knowledger/frontend/components/Meta.js","statementMap":{"0":{"start":{"line":3,"column":13},"end":{"line":15,"column":1}},"1":{"start":{"line":4,"column":4},"end":{"line":14,"column":11}}},"fnMap":{"0":{"name":"(anonymous_0)","decl":{"start":{"line":3,"column":13},"end":{"line":3,"column":14}},"loc":{"start":{"line":4,"column":4},"end":{"line":14,"column":11}},"line":4}},"branchMap":{},"s":{"0":1,"1":1},"f":{"0":1},"b":{},"_coverageSchema":"43e27e138ebf9cfc5966b082cf9a028302ed4184","hash":"a8eb356ad8d026ae93d4201458bb78ba4545477c"}
,"/Users/julienlondeix/Documents/private/projects/knowledger/frontend/components/Navbar.js": {"path":"/Users/julienlondeix/Documents/private/projects/knowledger/frontend/components/Navbar.js","statementMap":{"0":{"start":{"line":4,"column":15},"end":{"line":34,"column":1}},"1":{"start":{"line":5,"column":4},"end":{"line":33,"column":19}}},"fnMap":{"0":{"name":"(anonymous_0)","decl":{"start":{"line":4,"column":15},"end":{"line":4,"column":16}},"loc":{"start":{"line":5,"column":4},"end":{"line":33,"column":19}},"line":5}},"branchMap":{},"s":{"0":1,"1":1},"f":{"0":1},"b":{},"_coverageSchema":"43e27e138ebf9cfc5966b082cf9a028302ed4184","hash":"099103edabac91ed185b4fcdb7fd00d8acef50ab"}
,"/Users/julienlondeix/Documents/private/projects/knowledger/frontend/components/article/Article.js": {"path":"/Users/julienlondeix/Documents/private/projects/knowledger/frontend/components/article/Article.js","statementMap":{"0":{"start":{"line":12,"column":19},"end":{"line":12,"column":31}},"1":{"start":{"line":15,"column":8},"end":{"line":19,"column":9}},"2":{"start":{"line":16,"column":25},"end":{"line":16,"column":73}},"3":{"start":{"line":17,"column":12},"end":{"line":17,"column":39}},"4":{"start":{"line":20,"column":8},"end":{"line":22,"column":10}},"5":{"start":{"line":27,"column":8},"end":{"line":32,"column":9}},"6":{"start":{"line":28,"column":25},"end":{"line":28,"column":67}},"7":{"start":{"line":29,"column":34},"end":{"line":29,"column":78}},"8":{"start":{"line":29,"column":58},"end":{"line":29,"column":77}},"9":{"start":{"line":30,"column":12},"end":{"line":30,"column":76}},"10":{"start":{"line":30,"column":46},"end":{"line":30,"column":75}},"11":{"start":{"line":37,"column":8},"end":{"line":41,"column":9}},"12":{"start":{"line":38,"column":25},"end":{"line":38,"column":67}},"13":{"start":{"line":39,"column":12},"end":{"line":39,"column":74}},"14":{"start":{"line":39,"column":54},"end":{"line":39,"column":73}},"15":{"start":{"line":42,"column":8},"end":{"line":44,"column":10}},"16":{"start":{"line":47,"column":4},"end":{"line":74,"column":9}},"17":{"start":{"line":56,"column":20},"end":{"line":56,"column":76}},"18":{"start":{"line":56,"column":33},"end":{"line":56,"column":76}},"19":{"start":{"line":57,"column":20},"end":{"line":57,"column":102}},"20":{"start":{"line":57,"column":31},"end":{"line":57,"column":102}},"21":{"start":{"line":58,"column":40},"end":{"line":58,"column":44}},"22":{"start":{"line":59,"column":20},"end":{"line":59,"column":51}},"23":{"start":{"line":60,"column":20},"end":{"line":71,"column":21}},"24":{"start":{"line":76,"column":39},"end":{"line":76,"column":46}},"25":{"start":{"line":77,"column":32},"end":{"line":77,"column":39}}},"fnMap":{"0":{"name":"Article","decl":{"start":{"line":11,"column":9},"end":{"line":11,"column":16}},"loc":{"start":{"line":11,"column":29},"end":{"line":75,"column":1}},"line":11},"1":{"name":"updateCacheAfterCreate","decl":{"start":{"line":13,"column":19},"end":{"line":13,"column":41}},"loc":{"start":{"line":13,"column":58},"end":{"line":23,"column":5}},"line":13},"2":{"name":"updateCacheAfterUpdate","decl":{"start":{"line":25,"column":13},"end":{"line":25,"column":35}},"loc":{"start":{"line":25,"column":52},"end":{"line":33,"column":5}},"line":25},"3":{"name":"(anonymous_3)","decl":{"start":{"line":29,"column":53},"end":{"line":29,"column":54}},"loc":{"start":{"line":29,"column":58},"end":{"line":29,"column":77}},"line":29},"4":{"name":"(anonymous_4)","decl":{"start":{"line":30,"column":41},"end":{"line":30,"column":42}},"loc":{"start":{"line":30,"column":46},"end":{"line":30,"column":75}},"line":30},"5":{"name":"updateCacheAfterDelete","decl":{"start":{"line":35,"column":13},"end":{"line":35,"column":35}},"loc":{"start":{"line":35,"column":52},"end":{"line":45,"column":5}},"line":35},"6":{"name":"(anonymous_6)","decl":{"start":{"line":39,"column":49},"end":{"line":39,"column":50}},"loc":{"start":{"line":39,"column":54},"end":{"line":39,"column":73}},"line":39},"7":{"name":"(anonymous_7)","decl":{"start":{"line":55,"column":17},"end":{"line":55,"column":18}},"loc":{"start":{"line":55,"column":47},"end":{"line":72,"column":17}},"line":55}},"branchMap":{"0":{"loc":{"start":{"line":47,"column":11},"end":{"line":74,"column":9}},"type":"cond-expr","locations":[{"start":{"line":49,"column":12},"end":{"line":51,"column":14}},{"start":{"line":54,"column":12},"end":{"line":73,"column":20}}],"line":47},"1":{"loc":{"start":{"line":56,"column":20},"end":{"line":56,"column":76}},"type":"if","locations":[{"start":{"line":56,"column":20},"end":{"line":56,"column":76}},{"start":{"line":56,"column":20},"end":{"line":56,"column":76}}],"line":56},"2":{"loc":{"start":{"line":57,"column":20},"end":{"line":57,"column":102}},"type":"if","locations":[{"start":{"line":57,"column":20},"end":{"line":57,"column":102}},{"start":{"line":57,"column":20},"end":{"line":57,"column":102}}],"line":57}},"s":{"0":1,"1":0,"2":0,"3":0,"4":0,"5":0,"6":0,"7":0,"8":0,"9":0,"10":0,"11":0,"12":0,"13":0,"14":0,"15":0,"16":1,"17":0,"18":0,"19":0,"20":0,"21":0,"22":0,"23":0,"24":1,"25":1},"f":{"0":1,"1":0,"2":0,"3":0,"4":0,"5":0,"6":0,"7":0},"b":{"0":[1,0],"1":[0,0],"2":[0,0]},"_coverageSchema":"43e27e138ebf9cfc5966b082cf9a028302ed4184","hash":"2a4a7cff8aab13875bc1812993f15d9bdce568dd"}
,"/Users/julienlondeix/Documents/private/projects/knowledger/frontend/components/article/ArticleCreate.js": {"path":"/Users/julienlondeix/Documents/private/projects/knowledger/frontend/components/article/ArticleCreate.js","statementMap":{"0":{"start":{"line":10,"column":12},"end":{"line":24,"column":5}},"1":{"start":{"line":26,"column":30},"end":{"line":28,"column":5}},"2":{"start":{"line":27,"column":8},"end":{"line":27,"column":47}},"3":{"start":{"line":30,"column":24},"end":{"line":40,"column":5}},"4":{"start":{"line":31,"column":8},"end":{"line":39,"column":14}},"5":{"start":{"line":33,"column":40},"end":{"line":33,"column":47}},"6":{"start":{"line":42,"column":30},"end":{"line":52,"column":5}},"7":{"start":{"line":43,"column":8},"end":{"line":51,"column":14}},"8":{"start":{"line":45,"column":46},"end":{"line":45,"column":53}},"9":{"start":{"line":54,"column":20},"end":{"line":58,"column":5}},"10":{"start":{"line":55,"column":38},"end":{"line":55,"column":46}},"11":{"start":{"line":56,"column":18},"end":{"line":56,"column":63}},"12":{"start":{"line":57,"column":8},"end":{"line":57,"column":36}},"13":{"start":{"line":61,"column":27},"end":{"line":61,"column":37}},"14":{"start":{"line":62,"column":8},"end":{"line":86,"column":9}},"15":{"start":{"line":66,"column":64},"end":{"line":66,"column":92}},"16":{"start":{"line":69,"column":16},"end":{"line":69,"column":33}},"17":{"start":{"line":70,"column":16},"end":{"line":70,"column":39}},"18":{"start":{"line":71,"column":16},"end":{"line":83,"column":17}},"19":{"start":{"line":90,"column":0},"end":{"line":92,"column":1}}},"fnMap":{"0":{"name":"(anonymous_0)","decl":{"start":{"line":26,"column":30},"end":{"line":26,"column":31}},"loc":{"start":{"line":26,"column":56},"end":{"line":28,"column":5}},"line":26},"1":{"name":"(anonymous_1)","decl":{"start":{"line":30,"column":24},"end":{"line":30,"column":25}},"loc":{"start":{"line":30,"column":50},"end":{"line":40,"column":5}},"line":30},"2":{"name":"(anonymous_2)","decl":{"start":{"line":33,"column":35},"end":{"line":33,"column":36}},"loc":{"start":{"line":33,"column":40},"end":{"line":33,"column":47}},"line":33},"3":{"name":"(anonymous_3)","decl":{"start":{"line":42,"column":30},"end":{"line":42,"column":31}},"loc":{"start":{"line":42,"column":56},"end":{"line":52,"column":5}},"line":42},"4":{"name":"(anonymous_4)","decl":{"start":{"line":45,"column":41},"end":{"line":45,"column":42}},"loc":{"start":{"line":45,"column":46},"end":{"line":45,"column":53}},"line":45},"5":{"name":"(anonymous_5)","decl":{"start":{"line":54,"column":20},"end":{"line":54,"column":21}},"loc":{"start":{"line":54,"column":25},"end":{"line":58,"column":5}},"line":54},"6":{"name":"(anonymous_6)","decl":{"start":{"line":60,"column":4},"end":{"line":60,"column":5}},"loc":{"start":{"line":60,"column":13},"end":{"line":87,"column":5}},"line":60},"7":{"name":"(anonymous_7)","decl":{"start":{"line":66,"column":24},"end":{"line":66,"column":25}},"loc":{"start":{"line":66,"column":64},"end":{"line":66,"column":92}},"line":66},"8":{"name":"(anonymous_8)","decl":{"start":{"line":68,"column":13},"end":{"line":68,"column":14}},"loc":{"start":{"line":68,"column":58},"end":{"line":84,"column":13}},"line":68}},"branchMap":{"0":{"loc":{"start":{"line":31,"column":22},"end":{"line":39,"column":13}},"type":"cond-expr","locations":[{"start":{"line":32,"column":14},"end":{"line":35,"column":13}},{"start":{"line":36,"column":14},"end":{"line":39,"column":13}}],"line":31},"1":{"loc":{"start":{"line":43,"column":22},"end":{"line":51,"column":13}},"type":"cond-expr","locations":[{"start":{"line":44,"column":14},"end":{"line":47,"column":13}},{"start":{"line":48,"column":14},"end":{"line":51,"column":13}}],"line":43},"2":{"loc":{"start":{"line":56,"column":18},"end":{"line":56,"column":63}},"type":"cond-expr","locations":[{"start":{"line":56,"column":38},"end":{"line":56,"column":55}},{"start":{"line":56,"column":58},"end":{"line":56,"column":63}}],"line":56}},"s":{"0":1,"1":1,"2":0,"3":1,"4":0,"5":0,"6":1,"7":0,"8":0,"9":1,"10":0,"11":0,"12":0,"13":1,"14":1,"15":0,"16":1,"17":1,"18":1,"19":1},"f":{"0":0,"1":0,"2":0,"3":0,"4":0,"5":0,"6":1,"7":0,"8":1},"b":{"0":[0,0],"1":[0,0],"2":[0,0]},"_coverageSchema":"43e27e138ebf9cfc5966b082cf9a028302ed4184","hash":"8b2e95438eec3ba4e64a9908a4f6ba25665224d9"}
,"/Users/julienlondeix/Documents/private/projects/knowledger/frontend/components/article/ArticleDelete.js": {"path":"/Users/julienlondeix/Documents/private/projects/knowledger/frontend/components/article/ArticleDelete.js","statementMap":{"0":{"start":{"line":10,"column":12},"end":{"line":12,"column":5}},"1":{"start":{"line":15,"column":27},"end":{"line":15,"column":37}},"2":{"start":{"line":16,"column":8},"end":{"line":43,"column":9}},"3":{"start":{"line":20,"column":64},"end":{"line":20,"column":92}},"4":{"start":{"line":23,"column":16},"end":{"line":40,"column":17}},"5":{"start":{"line":29,"column":28},"end":{"line":29,"column":46}},"6":{"start":{"line":30,"column":45},"end":{"line":30,"column":66}},"7":{"start":{"line":31,"column":28},"end":{"line":33,"column":30}},"8":{"start":{"line":47,"column":0},"end":{"line":50,"column":1}}},"fnMap":{"0":{"name":"(anonymous_0)","decl":{"start":{"line":14,"column":4},"end":{"line":14,"column":5}},"loc":{"start":{"line":14,"column":13},"end":{"line":44,"column":5}},"line":14},"1":{"name":"(anonymous_1)","decl":{"start":{"line":20,"column":24},"end":{"line":20,"column":25}},"loc":{"start":{"line":20,"column":64},"end":{"line":20,"column":92}},"line":20},"2":{"name":"(anonymous_2)","decl":{"start":{"line":22,"column":13},"end":{"line":22,"column":14}},"loc":{"start":{"line":22,"column":58},"end":{"line":41,"column":13}},"line":22},"3":{"name":"(anonymous_3)","decl":{"start":{"line":28,"column":34},"end":{"line":28,"column":35}},"loc":{"start":{"line":28,"column":45},"end":{"line":34,"column":25}},"line":28}},"branchMap":{"0":{"loc":{"start":{"line":11,"column":12},"end":{"line":11,"column":39}},"type":"binary-expr","locations":[{"start":{"line":11,"column":12},"end":{"line":11,"column":33}},{"start":{"line":11,"column":37},"end":{"line":11,"column":39}}],"line":11}},"s":{"0":0,"1":0,"2":0,"3":0,"4":0,"5":0,"6":0,"7":0,"8":1},"f":{"0":0,"1":0,"2":0,"3":0},"b":{"0":[0,0]},"_coverageSchema":"43e27e138ebf9cfc5966b082cf9a028302ed4184","hash":"25a805dc91a1c6ad5db08563a098bf22b8a355c5"}
,"/Users/julienlondeix/Documents/private/projects/knowledger/frontend/components/article/ArticleUpdate.js": {"path":"/Users/julienlondeix/Documents/private/projects/knowledger/frontend/components/article/ArticleUpdate.js","statementMap":{"0":{"start":{"line":10,"column":12},"end":{"line":24,"column":5}},"1":{"start":{"line":18,"column":73},"end":{"line":18,"column":80}},"2":{"start":{"line":20,"column":91},"end":{"line":20,"column":98}},"3":{"start":{"line":26,"column":30},"end":{"line":28,"column":5}},"4":{"start":{"line":27,"column":8},"end":{"line":27,"column":47}},"5":{"start":{"line":30,"column":24},"end":{"line":40,"column":5}},"6":{"start":{"line":31,"column":8},"end":{"line":39,"column":14}},"7":{"start":{"line":33,"column":40},"end":{"line":33,"column":47}},"8":{"start":{"line":42,"column":30},"end":{"line":52,"column":5}},"9":{"start":{"line":43,"column":8},"end":{"line":51,"column":14}},"10":{"start":{"line":45,"column":46},"end":{"line":45,"column":53}},"11":{"start":{"line":54,"column":20},"end":{"line":64,"column":5}},"12":{"start":{"line":55,"column":8},"end":{"line":55,"column":39}},"13":{"start":{"line":56,"column":47},"end":{"line":56,"column":55}},"14":{"start":{"line":57,"column":18},"end":{"line":61,"column":23}},"15":{"start":{"line":62,"column":8},"end":{"line":62,"column":71}},"16":{"start":{"line":63,"column":8},"end":{"line":63,"column":36}},"17":{"start":{"line":66,"column":31},"end":{"line":72,"column":5}},"18":{"start":{"line":67,"column":8},"end":{"line":67,"column":39}},"19":{"start":{"line":68,"column":21},"end":{"line":68,"column":63}},"20":{"start":{"line":69,"column":30},"end":{"line":69,"column":74}},"21":{"start":{"line":69,"column":54},"end":{"line":69,"column":73}},"22":{"start":{"line":70,"column":8},"end":{"line":70,"column":72}},"23":{"start":{"line":70,"column":42},"end":{"line":70,"column":71}},"24":{"start":{"line":71,"column":8},"end":{"line":71,"column":51}},"25":{"start":{"line":75,"column":27},"end":{"line":75,"column":37}},"26":{"start":{"line":76,"column":8},"end":{"line":98,"column":9}},"27":{"start":{"line":80,"column":64},"end":{"line":80,"column":92}},"28":{"start":{"line":83,"column":16},"end":{"line":95,"column":17}},"29":{"start":{"line":102,"column":0},"end":{"line":105,"column":1}}},"fnMap":{"0":{"name":"(anonymous_0)","decl":{"start":{"line":18,"column":68},"end":{"line":18,"column":69}},"loc":{"start":{"line":18,"column":73},"end":{"line":18,"column":80}},"line":18},"1":{"name":"(anonymous_1)","decl":{"start":{"line":20,"column":86},"end":{"line":20,"column":87}},"loc":{"start":{"line":20,"column":91},"end":{"line":20,"column":98}},"line":20},"2":{"name":"(anonymous_2)","decl":{"start":{"line":26,"column":30},"end":{"line":26,"column":31}},"loc":{"start":{"line":26,"column":56},"end":{"line":28,"column":5}},"line":26},"3":{"name":"(anonymous_3)","decl":{"start":{"line":30,"column":24},"end":{"line":30,"column":25}},"loc":{"start":{"line":30,"column":50},"end":{"line":40,"column":5}},"line":30},"4":{"name":"(anonymous_4)","decl":{"start":{"line":33,"column":35},"end":{"line":33,"column":36}},"loc":{"start":{"line":33,"column":40},"end":{"line":33,"column":47}},"line":33},"5":{"name":"(anonymous_5)","decl":{"start":{"line":42,"column":30},"end":{"line":42,"column":31}},"loc":{"start":{"line":42,"column":56},"end":{"line":52,"column":5}},"line":42},"6":{"name":"(anonymous_6)","decl":{"start":{"line":45,"column":41},"end":{"line":45,"column":42}},"loc":{"start":{"line":45,"column":46},"end":{"line":45,"column":53}},"line":45},"7":{"name":"(anonymous_7)","decl":{"start":{"line":54,"column":20},"end":{"line":54,"column":21}},"loc":{"start":{"line":54,"column":25},"end":{"line":64,"column":5}},"line":54},"8":{"name":"(anonymous_8)","decl":{"start":{"line":66,"column":31},"end":{"line":66,"column":32}},"loc":{"start":{"line":66,"column":51},"end":{"line":72,"column":5}},"line":66},"9":{"name":"(anonymous_9)","decl":{"start":{"line":69,"column":49},"end":{"line":69,"column":50}},"loc":{"start":{"line":69,"column":54},"end":{"line":69,"column":73}},"line":69},"10":{"name":"(anonymous_10)","decl":{"start":{"line":70,"column":37},"end":{"line":70,"column":38}},"loc":{"start":{"line":70,"column":42},"end":{"line":70,"column":71}},"line":70},"11":{"name":"(anonymous_11)","decl":{"start":{"line":74,"column":4},"end":{"line":74,"column":5}},"loc":{"start":{"line":74,"column":13},"end":{"line":99,"column":5}},"line":74},"12":{"name":"(anonymous_12)","decl":{"start":{"line":80,"column":24},"end":{"line":80,"column":25}},"loc":{"start":{"line":80,"column":64},"end":{"line":80,"column":92}},"line":80},"13":{"name":"(anonymous_13)","decl":{"start":{"line":82,"column":13},"end":{"line":82,"column":14}},"loc":{"start":{"line":82,"column":58},"end":{"line":96,"column":13}},"line":82}},"branchMap":{"0":{"loc":{"start":{"line":11,"column":12},"end":{"line":11,"column":39}},"type":"binary-expr","locations":[{"start":{"line":11,"column":12},"end":{"line":11,"column":33}},{"start":{"line":11,"column":37},"end":{"line":11,"column":39}}],"line":11},"1":{"loc":{"start":{"line":12,"column":15},"end":{"line":12,"column":45}},"type":"binary-expr","locations":[{"start":{"line":12,"column":15},"end":{"line":12,"column":39}},{"start":{"line":12,"column":43},"end":{"line":12,"column":45}}],"line":12},"2":{"loc":{"start":{"line":13,"column":13},"end":{"line":13,"column":41}},"type":"binary-expr","locations":[{"start":{"line":13,"column":13},"end":{"line":13,"column":35}},{"start":{"line":13,"column":39},"end":{"line":13,"column":41}}],"line":13},"3":{"loc":{"start":{"line":14,"column":17},"end":{"line":14,"column":49}},"type":"binary-expr","locations":[{"start":{"line":14,"column":17},"end":{"line":14,"column":43}},{"start":{"line":14,"column":47},"end":{"line":14,"column":49}}],"line":14},"4":{"loc":{"start":{"line":15,"column":16},"end":{"line":15,"column":47}},"type":"binary-expr","locations":[{"start":{"line":15,"column":16},"end":{"line":15,"column":41}},{"start":{"line":15,"column":45},"end":{"line":15,"column":47}}],"line":15},"5":{"loc":{"start":{"line":16,"column":16},"end":{"line":16,"column":47}},"type":"binary-expr","locations":[{"start":{"line":16,"column":16},"end":{"line":16,"column":41}},{"start":{"line":16,"column":45},"end":{"line":16,"column":47}}],"line":16},"6":{"loc":{"start":{"line":17,"column":19},"end":{"line":17,"column":48}},"type":"binary-expr","locations":[{"start":{"line":17,"column":19},"end":{"line":17,"column":42}},{"start":{"line":17,"column":46},"end":{"line":17,"column":48}}],"line":17},"7":{"loc":{"start":{"line":18,"column":14},"end":{"line":18,"column":96}},"type":"cond-expr","locations":[{"start":{"line":18,"column":40},"end":{"line":18,"column":91}},{"start":{"line":18,"column":94},"end":{"line":18,"column":96}}],"line":18},"8":{"loc":{"start":{"line":19,"column":25},"end":{"line":19,"column":60}},"type":"binary-expr","locations":[{"start":{"line":19,"column":25},"end":{"line":19,"column":54}},{"start":{"line":19,"column":58},"end":{"line":19,"column":60}}],"line":19},"9":{"loc":{"start":{"line":20,"column":20},"end":{"line":20,"column":114}},"type":"cond-expr","locations":[{"start":{"line":20,"column":52},"end":{"line":20,"column":109}},{"start":{"line":20,"column":112},"end":{"line":20,"column":114}}],"line":20},"10":{"loc":{"start":{"line":31,"column":22},"end":{"line":39,"column":13}},"type":"cond-expr","locations":[{"start":{"line":32,"column":14},"end":{"line":35,"column":13}},{"start":{"line":36,"column":14},"end":{"line":39,"column":13}}],"line":31},"11":{"loc":{"start":{"line":43,"column":22},"end":{"line":51,"column":13}},"type":"cond-expr","locations":[{"start":{"line":44,"column":14},"end":{"line":47,"column":13}},{"start":{"line":48,"column":14},"end":{"line":51,"column":13}}],"line":43},"12":{"loc":{"start":{"line":57,"column":18},"end":{"line":61,"column":23}},"type":"cond-expr","locations":[{"start":{"line":58,"column":14},"end":{"line":58,"column":31}},{"start":{"line":59,"column":14},"end":{"line":61,"column":23}}],"line":57},"13":{"loc":{"start":{"line":59,"column":14},"end":{"line":61,"column":23}},"type":"cond-expr","locations":[{"start":{"line":60,"column":18},"end":{"line":60,"column":25}},{"start":{"line":61,"column":18},"end":{"line":61,"column":23}}],"line":59}},"s":{"0":0,"1":0,"2":0,"3":0,"4":0,"5":0,"6":0,"7":0,"8":0,"9":0,"10":0,"11":0,"12":0,"13":0,"14":0,"15":0,"16":0,"17":0,"18":0,"19":0,"20":0,"21":0,"22":0,"23":0,"24":0,"25":0,"26":0,"27":0,"28":0,"29":1},"f":{"0":0,"1":0,"2":0,"3":0,"4":0,"5":0,"6":0,"7":0,"8":0,"9":0,"10":0,"11":0,"12":0,"13":0},"b":{"0":[0,0],"1":[0,0],"2":[0,0],"3":[0,0],"4":[0,0],"5":[0,0],"6":[0,0],"7":[0,0],"8":[0,0],"9":[0,0],"10":[0,0],"11":[0,0],"12":[0,0],"13":[0,0]},"_coverageSchema":"43e27e138ebf9cfc5966b082cf9a028302ed4184","hash":"c7b6cafb879d4bca3df8aad299a61d08f3607b81"}
,"/Users/julienlondeix/Documents/private/projects/knowledger/frontend/components/article/form/ArticleForm.js": {"path":"/Users/julienlondeix/Documents/private/projects/knowledger/frontend/components/article/form/ArticleForm.js","statementMap":{"0":{"start":{"line":28,"column":12},"end":{"line":28,"column":22}},"1":{"start":{"line":29,"column":8},"end":{"line":52,"column":9}},"2":{"start":{"line":34,"column":20},"end":{"line":34,"column":38}},"3":{"start":{"line":35,"column":37},"end":{"line":35,"column":55}},"4":{"start":{"line":36,"column":20},"end":{"line":36,"column":41}},"5":{"start":{"line":56,"column":0},"end":{"line":66,"column":1}}},"fnMap":{"0":{"name":"(anonymous_0)","decl":{"start":{"line":17,"column":4},"end":{"line":17,"column":5}},"loc":{"start":{"line":17,"column":13},"end":{"line":53,"column":5}},"line":17},"1":{"name":"(anonymous_1)","decl":{"start":{"line":33,"column":26},"end":{"line":33,"column":27}},"loc":{"start":{"line":33,"column":37},"end":{"line":37,"column":17}},"line":33}},"branchMap":{},"s":{"0":1,"1":1,"2":0,"3":0,"4":0,"5":1},"f":{"0":1,"1":0},"b":{},"_coverageSchema":"43e27e138ebf9cfc5966b082cf9a028302ed4184","hash":"d141cf8adcaf8328af1a1a5375705523e6c5cf1f"}
,"/Users/julienlondeix/Documents/private/projects/knowledger/frontend/components/article/form/fields/ArticleAuthorField.js": {"path":"/Users/julienlondeix/Documents/private/projects/knowledger/frontend/components/article/form/fields/ArticleAuthorField.js","statementMap":{"0":{"start":{"line":8,"column":40},"end":{"line":8,"column":50}},"1":{"start":{"line":9,"column":21},"end":{"line":9,"column":29}},"2":{"start":{"line":10,"column":8},"end":{"line":19,"column":9}},"3":{"start":{"line":23,"column":0},"end":{"line":26,"column":1}}},"fnMap":{"0":{"name":"(anonymous_0)","decl":{"start":{"line":7,"column":4},"end":{"line":7,"column":5}},"loc":{"start":{"line":7,"column":13},"end":{"line":20,"column":5}},"line":7}},"branchMap":{},"s":{"0":2,"1":2,"2":2,"3":2},"f":{"0":2},"b":{},"_coverageSchema":"43e27e138ebf9cfc5966b082cf9a028302ed4184","hash":"594923131eaed7df2d81d82f8378d24814347670"}
,"/Users/julienlondeix/Documents/private/projects/knowledger/frontend/components/article/form/fields/ArticleCategoriesField.js": {"path":"/Users/julienlondeix/Documents/private/projects/knowledger/frontend/components/article/form/fields/ArticleCategoriesField.js","statementMap":{"0":{"start":{"line":8,"column":40},"end":{"line":8,"column":50}},"1":{"start":{"line":9,"column":21},"end":{"line":9,"column":33}},"2":{"start":{"line":10,"column":8},"end":{"line":22,"column":9}},"3":{"start":{"line":26,"column":0},"end":{"line":29,"column":1}}},"fnMap":{"0":{"name":"(anonymous_0)","decl":{"start":{"line":7,"column":4},"end":{"line":7,"column":5}},"loc":{"start":{"line":7,"column":13},"end":{"line":23,"column":5}},"line":7}},"branchMap":{},"s":{"0":10,"1":10,"2":10,"3":2},"f":{"0":10},"b":{},"_coverageSchema":"43e27e138ebf9cfc5966b082cf9a028302ed4184","hash":"e1cf066e19179505e5d05e2f5b7856652bd70aa9"}
,"/Users/julienlondeix/Documents/private/projects/knowledger/frontend/components/article/form/fields/ArticleIsReadField.js": {"path":"/Users/julienlondeix/Documents/private/projects/knowledger/frontend/components/article/form/fields/ArticleIsReadField.js","statementMap":{"0":{"start":{"line":7,"column":40},"end":{"line":7,"column":50}},"1":{"start":{"line":8,"column":21},"end":{"line":8,"column":29}},"2":{"start":{"line":10,"column":8},"end":{"line":21,"column":9}},"3":{"start":{"line":25,"column":0},"end":{"line":28,"column":1}}},"fnMap":{"0":{"name":"(anonymous_0)","decl":{"start":{"line":6,"column":4},"end":{"line":6,"column":5}},"loc":{"start":{"line":6,"column":13},"end":{"line":22,"column":5}},"line":6}},"branchMap":{},"s":{"0":2,"1":2,"2":2,"3":2},"f":{"0":2},"b":{},"_coverageSchema":"43e27e138ebf9cfc5966b082cf9a028302ed4184","hash":"d9b825fe72dcc65c5404df2e3d5ff8eca6b42af7"}
,"/Users/julienlondeix/Documents/private/projects/knowledger/frontend/components/article/form/fields/ArticleReadStatusField.js": {"path":"/Users/julienlondeix/Documents/private/projects/knowledger/frontend/components/article/form/fields/ArticleReadStatusField.js","statementMap":{"0":{"start":{"line":8,"column":40},"end":{"line":8,"column":50}},"1":{"start":{"line":9,"column":21},"end":{"line":9,"column":33}},"2":{"start":{"line":10,"column":8},"end":{"line":21,"column":9}},"3":{"start":{"line":25,"column":0},"end":{"line":28,"column":1}}},"fnMap":{"0":{"name":"(anonymous_0)","decl":{"start":{"line":7,"column":4},"end":{"line":7,"column":5}},"loc":{"start":{"line":7,"column":13},"end":{"line":22,"column":5}},"line":7}},"branchMap":{},"s":{"0":1,"1":1,"2":1,"3":1},"f":{"0":1},"b":{},"_coverageSchema":"43e27e138ebf9cfc5966b082cf9a028302ed4184","hash":"2b610692d4dfc823b59b8528adff74a74445d73b"}
,"/Users/julienlondeix/Documents/private/projects/knowledger/frontend/components/article/form/fields/ArticleSourceField.js": {"path":"/Users/julienlondeix/Documents/private/projects/knowledger/frontend/components/article/form/fields/ArticleSourceField.js","statementMap":{"0":{"start":{"line":8,"column":40},"end":{"line":8,"column":50}},"1":{"start":{"line":9,"column":21},"end":{"line":9,"column":29}},"2":{"start":{"line":10,"column":8},"end":{"line":19,"column":9}},"3":{"start":{"line":23,"column":0},"end":{"line":26,"column":1}}},"fnMap":{"0":{"name":"(anonymous_0)","decl":{"start":{"line":7,"column":4},"end":{"line":7,"column":5}},"loc":{"start":{"line":7,"column":13},"end":{"line":20,"column":5}},"line":7}},"branchMap":{},"s":{"0":2,"1":2,"2":2,"3":2},"f":{"0":2},"b":{},"_coverageSchema":"43e27e138ebf9cfc5966b082cf9a028302ed4184","hash":"803795ad187f0e6879267fac5436293cf0ba68ee"}
,"/Users/julienlondeix/Documents/private/projects/knowledger/frontend/components/article/form/fields/ArticleSummaryField.js": {"path":"/Users/julienlondeix/Documents/private/projects/knowledger/frontend/components/article/form/fields/ArticleSummaryField.js","statementMap":{"0":{"start":{"line":8,"column":40},"end":{"line":8,"column":50}},"1":{"start":{"line":9,"column":21},"end":{"line":9,"column":30}},"2":{"start":{"line":10,"column":8},"end":{"line":20,"column":9}},"3":{"start":{"line":24,"column":0},"end":{"line":27,"column":1}}},"fnMap":{"0":{"name":"(anonymous_0)","decl":{"start":{"line":7,"column":4},"end":{"line":7,"column":5}},"loc":{"start":{"line":7,"column":13},"end":{"line":21,"column":5}},"line":7}},"branchMap":{},"s":{"0":2,"1":2,"2":2,"3":2},"f":{"0":2},"b":{},"_coverageSchema":"43e27e138ebf9cfc5966b082cf9a028302ed4184","hash":"c91853fd0869f2d0e645da9b2735adc844a4430f"}
,"/Users/julienlondeix/Documents/private/projects/knowledger/frontend/components/article/form/fields/ArticleTagsField.js": {"path":"/Users/julienlondeix/Documents/private/projects/knowledger/frontend/components/article/form/fields/ArticleTagsField.js","statementMap":{"0":{"start":{"line":8,"column":40},"end":{"line":8,"column":50}},"1":{"start":{"line":9,"column":21},"end":{"line":9,"column":27}},"2":{"start":{"line":10,"column":8},"end":{"line":22,"column":9}},"3":{"start":{"line":26,"column":0},"end":{"line":29,"column":1}}},"fnMap":{"0":{"name":"(anonymous_0)","decl":{"start":{"line":7,"column":4},"end":{"line":7,"column":5}},"loc":{"start":{"line":7,"column":13},"end":{"line":23,"column":5}},"line":7}},"branchMap":{},"s":{"0":10,"1":10,"2":10,"3":2},"f":{"0":10},"b":{},"_coverageSchema":"43e27e138ebf9cfc5966b082cf9a028302ed4184","hash":"0fbacf01913f0e36fdcf627998d6e0d83e10af2a"}
,"/Users/julienlondeix/Documents/private/projects/knowledger/frontend/components/article/form/fields/ArticleTitleField.js": {"path":"/Users/julienlondeix/Documents/private/projects/knowledger/frontend/components/article/form/fields/ArticleTitleField.js","statementMap":{"0":{"start":{"line":8,"column":40},"end":{"line":8,"column":50}},"1":{"start":{"line":9,"column":21},"end":{"line":9,"column":28}},"2":{"start":{"line":10,"column":8},"end":{"line":20,"column":9}},"3":{"start":{"line":24,"column":0},"end":{"line":27,"column":1}}},"fnMap":{"0":{"name":"(anonymous_0)","decl":{"start":{"line":7,"column":4},"end":{"line":7,"column":5}},"loc":{"start":{"line":7,"column":13},"end":{"line":21,"column":5}},"line":7}},"branchMap":{},"s":{"0":2,"1":2,"2":2,"3":2},"f":{"0":2},"b":{},"_coverageSchema":"43e27e138ebf9cfc5966b082cf9a028302ed4184","hash":"adc340380c4e15e469f53ca383c4b47db61ca9f2"}
,"/Users/julienlondeix/Documents/private/projects/knowledger/frontend/components/article/form/fields/ArticleUriField.js": {"path":"/Users/julienlondeix/Documents/private/projects/knowledger/frontend/components/article/form/fields/ArticleUriField.js","statementMap":{"0":{"start":{"line":8,"column":40},"end":{"line":8,"column":50}},"1":{"start":{"line":9,"column":21},"end":{"line":9,"column":26}},"2":{"start":{"line":10,"column":8},"end":{"line":20,"column":9}},"3":{"start":{"line":24,"column":0},"end":{"line":27,"column":1}}},"fnMap":{"0":{"name":"(anonymous_0)","decl":{"start":{"line":7,"column":4},"end":{"line":7,"column":5}},"loc":{"start":{"line":7,"column":13},"end":{"line":21,"column":5}},"line":7}},"branchMap":{},"s":{"0":2,"1":2,"2":2,"3":2},"f":{"0":2},"b":{},"_coverageSchema":"43e27e138ebf9cfc5966b082cf9a028302ed4184","hash":"374a3f7083bf824d773c3b1786dfd63678ec7b51"}
,"/Users/julienlondeix/Documents/private/projects/knowledger/frontend/components/article/form/fields/ArticlesJsonField.js": {"path":"/Users/julienlondeix/Documents/private/projects/knowledger/frontend/components/article/form/fields/ArticlesJsonField.js","statementMap":{"0":{"start":{"line":8,"column":40},"end":{"line":8,"column":50}},"1":{"start":{"line":9,"column":21},"end":{"line":9,"column":27}},"2":{"start":{"line":10,"column":8},"end":{"line":20,"column":9}},"3":{"start":{"line":24,"column":0},"end":{"line":27,"column":1}}},"fnMap":{"0":{"name":"(anonymous_0)","decl":{"start":{"line":7,"column":4},"end":{"line":7,"column":5}},"loc":{"start":{"line":7,"column":13},"end":{"line":21,"column":5}},"line":7}},"branchMap":{},"s":{"0":1,"1":1,"2":1,"3":1},"f":{"0":1},"b":{},"_coverageSchema":"43e27e138ebf9cfc5966b082cf9a028302ed4184","hash":"87b9afb8dbed9937c9c237f5465462f00aae7895"}
,"/Users/julienlondeix/Documents/private/projects/knowledger/frontend/components/article/form/styles/StyledArticleForm.js": {"path":"/Users/julienlondeix/Documents/private/projects/knowledger/frontend/components/article/form/styles/StyledArticleForm.js","statementMap":{"0":{"start":{"line":3,"column":26},"end":{"line":135,"column":1}},"1":{"start":{"line":46,"column":45},"end":{"line":46,"column":64}},"2":{"start":{"line":64,"column":34},"end":{"line":64,"column":53}},"3":{"start":{"line":86,"column":26},"end":{"line":86,"column":45}},"4":{"start":{"line":102,"column":34},"end":{"line":102,"column":53}}},"fnMap":{"0":{"name":"(anonymous_0)","decl":{"start":{"line":46,"column":36},"end":{"line":46,"column":37}},"loc":{"start":{"line":46,"column":45},"end":{"line":46,"column":64}},"line":46},"1":{"name":"(anonymous_1)","decl":{"start":{"line":64,"column":25},"end":{"line":64,"column":26}},"loc":{"start":{"line":64,"column":34},"end":{"line":64,"column":53}},"line":64},"2":{"name":"(anonymous_2)","decl":{"start":{"line":86,"column":17},"end":{"line":86,"column":18}},"loc":{"start":{"line":86,"column":26},"end":{"line":86,"column":45}},"line":86},"3":{"name":"(anonymous_3)","decl":{"start":{"line":102,"column":25},"end":{"line":102,"column":26}},"loc":{"start":{"line":102,"column":34},"end":{"line":102,"column":53}},"line":102}},"branchMap":{},"s":{"0":1,"1":1,"2":0,"3":1,"4":0},"f":{"0":1,"1":0,"2":1,"3":0},"b":{},"_coverageSchema":"43e27e138ebf9cfc5966b082cf9a028302ed4184","hash":"e8d7af1f05ceb0358e0b7afad19b689c4517b003"}
,"/Users/julienlondeix/Documents/private/projects/knowledger/frontend/components/category/form/CategorySelect.js": {"path":"/Users/julienlondeix/Documents/private/projects/knowledger/frontend/components/category/form/CategorySelect.js","statementMap":{"0":{"start":{"line":10,"column":66},"end":{"line":10,"column":76}},"1":{"start":{"line":11,"column":8},"end":{"line":42,"column":9}},"2":{"start":{"line":14,"column":16},"end":{"line":14,"column":50}},"3":{"start":{"line":14,"column":29},"end":{"line":14,"column":50}},"4":{"start":{"line":15,"column":16},"end":{"line":15,"column":66}},"5":{"start":{"line":15,"column":27},"end":{"line":15,"column":66}},"6":{"start":{"line":16,"column":32},"end":{"line":16,"column":103}},"7":{"start":{"line":16,"column":61},"end":{"line":16,"column":101}},"8":{"start":{"line":17,"column":40},"end":{"line":21,"column":26}},"9":{"start":{"line":19,"column":41},"end":{"line":19,"column":48}},"10":{"start":{"line":22,"column":37},"end":{"line":24,"column":26}},"11":{"start":{"line":23,"column":47},"end":{"line":23,"column":85}},"12":{"start":{"line":25,"column":36},"end":{"line":35,"column":17}},"13":{"start":{"line":36,"column":16},"end":{"line":39,"column":17}},"14":{"start":{"line":46,"column":0},"end":{"line":52,"column":1}}},"fnMap":{"0":{"name":"(anonymous_0)","decl":{"start":{"line":9,"column":4},"end":{"line":9,"column":5}},"loc":{"start":{"line":9,"column":13},"end":{"line":43,"column":5}},"line":9},"1":{"name":"(anonymous_1)","decl":{"start":{"line":13,"column":14},"end":{"line":13,"column":15}},"loc":{"start":{"line":13,"column":44},"end":{"line":40,"column":13}},"line":13},"2":{"name":"(anonymous_2)","decl":{"start":{"line":16,"column":52},"end":{"line":16,"column":53}},"loc":{"start":{"line":16,"column":61},"end":{"line":16,"column":101}},"line":16},"3":{"name":"(anonymous_3)","decl":{"start":{"line":19,"column":36},"end":{"line":19,"column":37}},"loc":{"start":{"line":19,"column":41},"end":{"line":19,"column":48}},"line":19},"4":{"name":"(anonymous_4)","decl":{"start":{"line":23,"column":37},"end":{"line":23,"column":38}},"loc":{"start":{"line":23,"column":47},"end":{"line":23,"column":85}},"line":23}},"branchMap":{"0":{"loc":{"start":{"line":14,"column":16},"end":{"line":14,"column":50}},"type":"if","locations":[{"start":{"line":14,"column":16},"end":{"line":14,"column":50}},{"start":{"line":14,"column":16},"end":{"line":14,"column":50}}],"line":14},"1":{"loc":{"start":{"line":15,"column":16},"end":{"line":15,"column":66}},"type":"if","locations":[{"start":{"line":15,"column":16},"end":{"line":15,"column":66}},{"start":{"line":15,"column":16},"end":{"line":15,"column":66}}],"line":15},"2":{"loc":{"start":{"line":17,"column":40},"end":{"line":21,"column":26}},"type":"cond-expr","locations":[{"start":{"line":18,"column":20},"end":{"line":20,"column":42}},{"start":{"line":21,"column":22},"end":{"line":21,"column":26}}],"line":17},"3":{"loc":{"start":{"line":18,"column":20},"end":{"line":20,"column":42}},"type":"cond-expr","locations":[{"start":{"line":19,"column":26},"end":{"line":19,"column":49}},{"start":{"line":20,"column":26},"end":{"line":20,"column":42}}],"line":18},"4":{"loc":{"start":{"line":22,"column":37},"end":{"line":24,"column":26}},"type":"cond-expr","locations":[{"start":{"line":23,"column":22},"end":{"line":23,"column":86}},{"start":{"line":24,"column":22},"end":{"line":24,"column":26}}],"line":22},"5":{"loc":{"start":{"line":26,"column":34},"end":{"line":26,"column":91}},"type":"cond-expr","locations":[{"start":{"line":26,"column":44},"end":{"line":26,"column":66}},{"start":{"line":26,"column":69},"end":{"line":26,"column":91}}],"line":26},"6":{"loc":{"start":{"line":36,"column":24},"end":{"line":38,"column":51}},"type":"cond-expr","locations":[{"start":{"line":37,"column":22},"end":{"line":37,"column":60}},{"start":{"line":38,"column":22},"end":{"line":38,"column":51}}],"line":36}},"s":{"0":19,"1":19,"2":38,"3":19,"4":19,"5":3,"6":16,"7":14,"8":16,"9":2,"10":16,"11":4,"12":16,"13":16,"14":3},"f":{"0":19,"1":38,"2":14,"3":2,"4":4},"b":{"0":[19,19],"1":[3,16],"2":[4,12],"3":[2,2],"4":[4,12],"5":[9,7],"6":[9,7]},"_coverageSchema":"43e27e138ebf9cfc5966b082cf9a028302ed4184","hash":"0ef5f3a7351fe446555ec38f8856c2d1d09aa1a5"}
,"/Users/julienlondeix/Documents/private/projects/knowledger/frontend/components/form/InputField.js": {"path":"/Users/julienlondeix/Documents/private/projects/knowledger/frontend/components/form/InputField.js","statementMap":{"0":{"start":{"line":7,"column":69},"end":{"line":7,"column":79}},"1":{"start":{"line":8,"column":8},"end":{"line":21,"column":9}},"2":{"start":{"line":25,"column":0},"end":{"line":32,"column":1}}},"fnMap":{"0":{"name":"(anonymous_0)","decl":{"start":{"line":6,"column":4},"end":{"line":6,"column":5}},"loc":{"start":{"line":6,"column":13},"end":{"line":22,"column":5}},"line":6}},"branchMap":{"0":{"loc":{"start":{"line":16,"column":21},"end":{"line":18,"column":24}},"type":"cond-expr","locations":[{"start":{"line":17,"column":22},"end":{"line":17,"column":40}},{"start":{"line":18,"column":22},"end":{"line":18,"column":24}}],"line":16}},"s":{"0":10,"1":10,"2":6},"f":{"0":10},"b":{"0":[5,5]},"_coverageSchema":"43e27e138ebf9cfc5966b082cf9a028302ed4184","hash":"f3f2ddb8fa0d36ea747db173f626247a23cff462"}
,"/Users/julienlondeix/Documents/private/projects/knowledger/frontend/components/form/LabelField.js": {"path":"/Users/julienlondeix/Documents/private/projects/knowledger/frontend/components/form/LabelField.js","statementMap":{"0":{"start":{"line":6,"column":42},"end":{"line":6,"column":52}},"1":{"start":{"line":7,"column":8},"end":{"line":12,"column":9}},"2":{"start":{"line":16,"column":0},"end":{"line":19,"column":1}}},"fnMap":{"0":{"name":"(anonymous_0)","decl":{"start":{"line":5,"column":4},"end":{"line":5,"column":5}},"loc":{"start":{"line":5,"column":13},"end":{"line":13,"column":5}},"line":5}},"branchMap":{},"s":{"0":35,"1":35,"2":11},"f":{"0":35},"b":{},"_coverageSchema":"43e27e138ebf9cfc5966b082cf9a028302ed4184","hash":"b126266119ea7e66a9ddd0f6cdf5c3f1a346af70"}
,"/Users/julienlondeix/Documents/private/projects/knowledger/frontend/components/form/TextareaField.js": {"path":"/Users/julienlondeix/Documents/private/projects/knowledger/frontend/components/form/TextareaField.js","statementMap":{"0":{"start":{"line":6,"column":75},"end":{"line":6,"column":85}},"1":{"start":{"line":7,"column":8},"end":{"line":20,"column":9}},"2":{"start":{"line":24,"column":0},"end":{"line":31,"column":1}}},"fnMap":{"0":{"name":"(anonymous_0)","decl":{"start":{"line":5,"column":4},"end":{"line":5,"column":5}},"loc":{"start":{"line":5,"column":13},"end":{"line":21,"column":5}},"line":5}},"branchMap":{"0":{"loc":{"start":{"line":15,"column":21},"end":{"line":17,"column":24}},"type":"cond-expr","locations":[{"start":{"line":16,"column":22},"end":{"line":16,"column":40}},{"start":{"line":17,"column":22},"end":{"line":17,"column":24}}],"line":15}},"s":{"0":5,"1":5,"2":4},"f":{"0":5},"b":{"0":[1,4]},"_coverageSchema":"43e27e138ebf9cfc5966b082cf9a028302ed4184","hash":"f3cd212648897fd5f7776913c91c9c2293ef8a99"}
,"/Users/julienlondeix/Documents/private/projects/knowledger/frontend/components/form/styles/StyledInputField.js": {"path":"/Users/julienlondeix/Documents/private/projects/knowledger/frontend/components/form/styles/StyledInputField.js","statementMap":{"0":{"start":{"line":3,"column":25},"end":{"line":13,"column":1}}},"fnMap":{},"branchMap":{},"s":{"0":6},"f":{},"b":{},"_coverageSchema":"43e27e138ebf9cfc5966b082cf9a028302ed4184","hash":"625ed368711570e22113c2ffcbde9f686ae35a18"}
,"/Users/julienlondeix/Documents/private/projects/knowledger/frontend/components/loader/styles/StyledLoader.js": {"path":"/Users/julienlondeix/Documents/private/projects/knowledger/frontend/components/loader/styles/StyledLoader.js","statementMap":{"0":{"start":{"line":3,"column":21},"end":{"line":22,"column":1}},"1":{"start":{"line":20,"column":22},"end":{"line":20,"column":41}}},"fnMap":{"0":{"name":"(anonymous_0)","decl":{"start":{"line":20,"column":13},"end":{"line":20,"column":14}},"loc":{"start":{"line":20,"column":22},"end":{"line":20,"column":41}},"line":20}},"branchMap":{},"s":{"0":1,"1":0},"f":{"0":0},"b":{},"_coverageSchema":"43e27e138ebf9cfc5966b082cf9a028302ed4184","hash":"d2c9d3afce5fbd15c72f9a8216d0eabf992c8e68"}
,"/Users/julienlondeix/Documents/private/projects/knowledger/frontend/components/readStatus/form/ReadStatusSelect.js": {"path":"/Users/julienlondeix/Documents/private/projects/knowledger/frontend/components/readStatus/form/ReadStatusSelect.js","statementMap":{"0":{"start":{"line":10,"column":66},"end":{"line":10,"column":76}},"1":{"start":{"line":11,"column":8},"end":{"line":37,"column":9}},"2":{"start":{"line":14,"column":16},"end":{"line":14,"column":50}},"3":{"start":{"line":14,"column":29},"end":{"line":14,"column":50}},"4":{"start":{"line":15,"column":16},"end":{"line":15,"column":66}},"5":{"start":{"line":15,"column":27},"end":{"line":15,"column":66}},"6":{"start":{"line":16,"column":32},"end":{"line":16,"column":108}},"7":{"start":{"line":16,"column":68},"end":{"line":16,"column":106}},"8":{"start":{"line":17,"column":37},"end":{"line":19,"column":26}},"9":{"start":{"line":18,"column":47},"end":{"line":18,"column":75}},"10":{"start":{"line":20,"column":36},"end":{"line":30,"column":17}},"11":{"start":{"line":31,"column":16},"end":{"line":34,"column":17}},"12":{"start":{"line":41,"column":0},"end":{"line":46,"column":1}}},"fnMap":{"0":{"name":"(anonymous_0)","decl":{"start":{"line":9,"column":4},"end":{"line":9,"column":5}},"loc":{"start":{"line":9,"column":13},"end":{"line":38,"column":5}},"line":9},"1":{"name":"(anonymous_1)","decl":{"start":{"line":13,"column":14},"end":{"line":13,"column":15}},"loc":{"start":{"line":13,"column":44},"end":{"line":35,"column":13}},"line":13},"2":{"name":"(anonymous_2)","decl":{"start":{"line":16,"column":59},"end":{"line":16,"column":60}},"loc":{"start":{"line":16,"column":68},"end":{"line":16,"column":106}},"line":16},"3":{"name":"(anonymous_3)","decl":{"start":{"line":18,"column":37},"end":{"line":18,"column":38}},"loc":{"start":{"line":18,"column":47},"end":{"line":18,"column":75}},"line":18}},"branchMap":{"0":{"loc":{"start":{"line":14,"column":16},"end":{"line":14,"column":50}},"type":"if","locations":[{"start":{"line":14,"column":16},"end":{"line":14,"column":50}},{"start":{"line":14,"column":16},"end":{"line":14,"column":50}}],"line":14},"1":{"loc":{"start":{"line":15,"column":16},"end":{"line":15,"column":66}},"type":"if","locations":[{"start":{"line":15,"column":16},"end":{"line":15,"column":66}},{"start":{"line":15,"column":16},"end":{"line":15,"column":66}}],"line":15},"2":{"loc":{"start":{"line":17,"column":37},"end":{"line":19,"column":26}},"type":"cond-expr","locations":[{"start":{"line":18,"column":22},"end":{"line":18,"column":76}},{"start":{"line":19,"column":22},"end":{"line":19,"column":26}}],"line":17},"3":{"loc":{"start":{"line":31,"column":24},"end":{"line":33,"column":51}},"type":"cond-expr","locations":[{"start":{"line":32,"column":22},"end":{"line":32,"column":60}},{"start":{"line":33,"column":22},"end":{"line":33,"column":51}}],"line":31}},"s":{"0":1,"1":1,"2":2,"3":1,"4":1,"5":1,"6":0,"7":0,"8":0,"9":0,"10":0,"11":0,"12":1},"f":{"0":1,"1":2,"2":0,"3":0},"b":{"0":[1,1],"1":[1,0],"2":[0,0],"3":[0,0]},"_coverageSchema":"43e27e138ebf9cfc5966b082cf9a028302ed4184","hash":"4a8d7d6a2077215c765f64003cb906dbd98b908d"}
,"/Users/julienlondeix/Documents/private/projects/knowledger/frontend/components/styles/StyledError.js": {"path":"/Users/julienlondeix/Documents/private/projects/knowledger/frontend/components/styles/StyledError.js","statementMap":{"0":{"start":{"line":5,"column":20},"end":{"line":15,"column":1}}},"fnMap":{},"branchMap":{},"s":{"0":2},"f":{},"b":{},"_coverageSchema":"43e27e138ebf9cfc5966b082cf9a028302ed4184","hash":"d1092ebe51697ac51b15ce762a7f33808e147a73"}
,"/Users/julienlondeix/Documents/private/projects/knowledger/frontend/components/styles/StyledHeader.js": {"path":"/Users/julienlondeix/Documents/private/projects/knowledger/frontend/components/styles/StyledHeader.js","statementMap":{"0":{"start":{"line":3,"column":21},"end":{"line":22,"column":1}}},"fnMap":{},"branchMap":{},"s":{"0":1},"f":{},"b":{},"_coverageSchema":"43e27e138ebf9cfc5966b082cf9a028302ed4184","hash":"42e408105b637b2d0380ab1ee0187ac9ffd2e4d0"}
,"/Users/julienlondeix/Documents/private/projects/knowledger/frontend/components/styles/StyledNavbar.js": {"path":"/Users/julienlondeix/Documents/private/projects/knowledger/frontend/components/styles/StyledNavbar.js","statementMap":{"0":{"start":{"line":3,"column":21},"end":{"line":50,"column":1}},"1":{"start":{"line":34,"column":35},"end":{"line":34,"column":54}}},"fnMap":{"0":{"name":"(anonymous_0)","decl":{"start":{"line":34,"column":26},"end":{"line":34,"column":27}},"loc":{"start":{"line":34,"column":35},"end":{"line":34,"column":54}},"line":34}},"branchMap":{},"s":{"0":1,"1":1},"f":{"0":1},"b":{},"_coverageSchema":"43e27e138ebf9cfc5966b082cf9a028302ed4184","hash":"1b5d939daac2ef5c2f18da8af659c1ef32aa705f"}
,"/Users/julienlondeix/Documents/private/projects/knowledger/frontend/components/styles/StyledTitle.js": {"path":"/Users/julienlondeix/Documents/private/projects/knowledger/frontend/components/styles/StyledTitle.js","statementMap":{"0":{"start":{"line":3,"column":20},"end":{"line":46,"column":1}},"1":{"start":{"line":11,"column":26},"end":{"line":11,"column":45}},"2":{"start":{"line":24,"column":39},"end":{"line":24,"column":58}},"3":{"start":{"line":42,"column":34},"end":{"line":42,"column":54}}},"fnMap":{"0":{"name":"(anonymous_0)","decl":{"start":{"line":11,"column":17},"end":{"line":11,"column":18}},"loc":{"start":{"line":11,"column":26},"end":{"line":11,"column":45}},"line":11},"1":{"name":"(anonymous_1)","decl":{"start":{"line":24,"column":30},"end":{"line":24,"column":31}},"loc":{"start":{"line":24,"column":39},"end":{"line":24,"column":58}},"line":24},"2":{"name":"(anonymous_2)","decl":{"start":{"line":42,"column":25},"end":{"line":42,"column":26}},"loc":{"start":{"line":42,"column":34},"end":{"line":42,"column":54}},"line":42}},"branchMap":{},"s":{"0":1,"1":1,"2":1,"3":1},"f":{"0":1,"1":1,"2":1},"b":{},"_coverageSchema":"43e27e138ebf9cfc5966b082cf9a028302ed4184","hash":"0204d360351697cdf63b4a23270ce0eca03c2b2f"}
,"/Users/julienlondeix/Documents/private/projects/knowledger/frontend/components/styles/Theme.js": {"path":"/Users/julienlondeix/Documents/private/projects/knowledger/frontend/components/styles/Theme.js","statementMap":{"0":{"start":{"line":1,"column":14},"end":{"line":10,"column":1}}},"fnMap":{},"branchMap":{},"s":{"0":4},"f":{},"b":{},"_coverageSchema":"43e27e138ebf9cfc5966b082cf9a028302ed4184","hash":"ae023c4c86d597cc8c6946bdb1514a4d0cdfcf7c"}
,"/Users/julienlondeix/Documents/private/projects/knowledger/frontend/components/tag/form/TagSelect.js": {"path":"/Users/julienlondeix/Documents/private/projects/knowledger/frontend/components/tag/form/TagSelect.js","statementMap":{"0":{"start":{"line":10,"column":66},"end":{"line":10,"column":76}},"1":{"start":{"line":11,"column":8},"end":{"line":42,"column":9}},"2":{"start":{"line":14,"column":16},"end":{"line":14,"column":50}},"3":{"start":{"line":14,"column":29},"end":{"line":14,"column":50}},"4":{"start":{"line":15,"column":16},"end":{"line":15,"column":66}},"5":{"start":{"line":15,"column":27},"end":{"line":15,"column":66}},"6":{"start":{"line":16,"column":32},"end":{"line":16,"column":97}},"7":{"start":{"line":16,"column":55},"end":{"line":16,"column":95}},"8":{"start":{"line":17,"column":40},"end":{"line":21,"column":26}},"9":{"start":{"line":19,"column":41},"end":{"line":19,"column":48}},"10":{"start":{"line":22,"column":37},"end":{"line":24,"column":26}},"11":{"start":{"line":23,"column":47},"end":{"line":23,"column":85}},"12":{"start":{"line":25,"column":36},"end":{"line":35,"column":17}},"13":{"start":{"line":36,"column":16},"end":{"line":39,"column":17}},"14":{"start":{"line":46,"column":0},"end":{"line":52,"column":1}}},"fnMap":{"0":{"name":"(anonymous_0)","decl":{"start":{"line":9,"column":4},"end":{"line":9,"column":5}},"loc":{"start":{"line":9,"column":13},"end":{"line":43,"column":5}},"line":9},"1":{"name":"(anonymous_1)","decl":{"start":{"line":13,"column":14},"end":{"line":13,"column":15}},"loc":{"start":{"line":13,"column":44},"end":{"line":40,"column":13}},"line":13},"2":{"name":"(anonymous_2)","decl":{"start":{"line":16,"column":46},"end":{"line":16,"column":47}},"loc":{"start":{"line":16,"column":55},"end":{"line":16,"column":95}},"line":16},"3":{"name":"(anonymous_3)","decl":{"start":{"line":19,"column":36},"end":{"line":19,"column":37}},"loc":{"start":{"line":19,"column":41},"end":{"line":19,"column":48}},"line":19},"4":{"name":"(anonymous_4)","decl":{"start":{"line":23,"column":37},"end":{"line":23,"column":38}},"loc":{"start":{"line":23,"column":47},"end":{"line":23,"column":85}},"line":23}},"branchMap":{"0":{"loc":{"start":{"line":14,"column":16},"end":{"line":14,"column":50}},"type":"if","locations":[{"start":{"line":14,"column":16},"end":{"line":14,"column":50}},{"start":{"line":14,"column":16},"end":{"line":14,"column":50}}],"line":14},"1":{"loc":{"start":{"line":15,"column":16},"end":{"line":15,"column":66}},"type":"if","locations":[{"start":{"line":15,"column":16},"end":{"line":15,"column":66}},{"start":{"line":15,"column":16},"end":{"line":15,"column":66}}],"line":15},"2":{"loc":{"start":{"line":17,"column":40},"end":{"line":21,"column":26}},"type":"cond-expr","locations":[{"start":{"line":18,"column":20},"end":{"line":20,"column":42}},{"start":{"line":21,"column":22},"end":{"line":21,"column":26}}],"line":17},"3":{"loc":{"start":{"line":18,"column":20},"end":{"line":20,"column":42}},"type":"cond-expr","locations":[{"start":{"line":19,"column":26},"end":{"line":19,"column":49}},{"start":{"line":20,"column":26},"end":{"line":20,"column":42}}],"line":18},"4":{"loc":{"start":{"line":22,"column":37},"end":{"line":24,"column":26}},"type":"cond-expr","locations":[{"start":{"line":23,"column":22},"end":{"line":23,"column":86}},{"start":{"line":24,"column":22},"end":{"line":24,"column":26}}],"line":22},"5":{"loc":{"start":{"line":26,"column":34},"end":{"line":26,"column":80}},"type":"cond-expr","locations":[{"start":{"line":26,"column":44},"end":{"line":26,"column":60}},{"start":{"line":26,"column":63},"end":{"line":26,"column":80}}],"line":26},"6":{"loc":{"start":{"line":36,"column":24},"end":{"line":38,"column":51}},"type":"cond-expr","locations":[{"start":{"line":37,"column":22},"end":{"line":37,"column":60}},{"start":{"line":38,"column":22},"end":{"line":38,"column":51}}],"line":36}},"s":{"0":19,"1":19,"2":38,"3":19,"4":19,"5":3,"6":16,"7":14,"8":16,"9":2,"10":16,"11":4,"12":16,"13":16,"14":3},"f":{"0":19,"1":38,"2":14,"3":2,"4":4},"b":{"0":[19,19],"1":[3,16],"2":[4,12],"3":[2,2],"4":[4,12],"5":[9,7],"6":[9,7]},"_coverageSchema":"43e27e138ebf9cfc5966b082cf9a028302ed4184","hash":"086be32a5350de4574a7cd10e72ca58462e05ac1"}
,"/Users/julienlondeix/Documents/private/projects/knowledger/frontend/pages/index.js": {"path":"/Users/julienlondeix/Documents/private/projects/knowledger/frontend/pages/index.js","statementMap":{"0":{"start":{"line":1,"column":13},"end":{"line":5,"column":1}},"1":{"start":{"line":2,"column":4},"end":{"line":4,"column":10}}},"fnMap":{"0":{"name":"(anonymous_0)","decl":{"start":{"line":1,"column":13},"end":{"line":1,"column":14}},"loc":{"start":{"line":2,"column":4},"end":{"line":4,"column":10}},"line":2}},"branchMap":{},"s":{"0":1,"1":1},"f":{"0":1},"b":{},"_coverageSchema":"43e27e138ebf9cfc5966b082cf9a028302ed4184","hash":"7d9e8e7f36975fa17057473ffa737ce9dd2764af"}
,"/Users/julienlondeix/Documents/private/projects/knowledger/frontend/queries/ARTICLES_QUERY.js": {"path":"/Users/julienlondeix/Documents/private/projects/knowledger/frontend/queries/ARTICLES_QUERY.js","statementMap":{"0":{"start":{"line":3,"column":23},"end":{"line":27,"column":1}}},"fnMap":{},"branchMap":{},"s":{"0":1},"f":{},"b":{},"_coverageSchema":"43e27e138ebf9cfc5966b082cf9a028302ed4184","hash":"a5ae7bcb61b4a6b6f99a043845992241353820a1"}
,"/Users/julienlondeix/Documents/private/projects/knowledger/frontend/queries/ARTICLE_CREATE_MUTATION.js": {"path":"/Users/julienlondeix/Documents/private/projects/knowledger/frontend/queries/ARTICLE_CREATE_MUTATION.js","statementMap":{"0":{"start":{"line":3,"column":32},"end":{"line":29,"column":1}}},"fnMap":{},"branchMap":{},"s":{"0":1},"f":{},"b":{},"_coverageSchema":"43e27e138ebf9cfc5966b082cf9a028302ed4184","hash":"09ac64e7c9a1943b829d3278eaf733982d536bb8"}
,"/Users/julienlondeix/Documents/private/projects/knowledger/frontend/queries/ARTICLE_DELETE_MUTATION.js": {"path":"/Users/julienlondeix/Documents/private/projects/knowledger/frontend/queries/ARTICLE_DELETE_MUTATION.js","statementMap":{"0":{"start":{"line":3,"column":32},"end":{"line":9,"column":1}}},"fnMap":{},"branchMap":{},"s":{"0":1},"f":{},"b":{},"_coverageSchema":"43e27e138ebf9cfc5966b082cf9a028302ed4184","hash":"34a88e86beb89a176eeffb24d33566454f174df7"}
,"/Users/julienlondeix/Documents/private/projects/knowledger/frontend/queries/ARTICLE_QUERY.js": {"path":"/Users/julienlondeix/Documents/private/projects/knowledger/frontend/queries/ARTICLE_QUERY.js","statementMap":{"0":{"start":{"line":3,"column":22},"end":{"line":28,"column":1}}},"fnMap":{},"branchMap":{},"s":{"0":1},"f":{},"b":{},"_coverageSchema":"43e27e138ebf9cfc5966b082cf9a028302ed4184","hash":"abc390f1738f08b7a00abe641df30ee1db4fa87f"}
,"/Users/julienlondeix/Documents/private/projects/knowledger/frontend/queries/ARTICLE_UPDATE_MUTATION.js": {"path":"/Users/julienlondeix/Documents/private/projects/knowledger/frontend/queries/ARTICLE_UPDATE_MUTATION.js","statementMap":{"0":{"start":{"line":3,"column":31},"end":{"line":15,"column":2}},"1":{"start":{"line":17,"column":32},"end":{"line":61,"column":1}}},"fnMap":{},"branchMap":{},"s":{"0":1,"1":1},"f":{},"b":{},"_coverageSchema":"43e27e138ebf9cfc5966b082cf9a028302ed4184","hash":"af7ed25be04987ac328c02447c5f48db259036a6"}
,"/Users/julienlondeix/Documents/private/projects/knowledger/frontend/queries/CATEGORIES_QUERY.js": {"path":"/Users/julienlondeix/Documents/private/projects/knowledger/frontend/queries/CATEGORIES_QUERY.js","statementMap":{"0":{"start":{"line":3,"column":25},"end":{"line":10,"column":1}}},"fnMap":{},"branchMap":{},"s":{"0":3},"f":{},"b":{},"_coverageSchema":"43e27e138ebf9cfc5966b082cf9a028302ed4184","hash":"d941f15ab5eaee52c4c148f1e64f859fab9977b4"}
,"/Users/julienlondeix/Documents/private/projects/knowledger/frontend/queries/READSTATUS_QUERY.js": {"path":"/Users/julienlondeix/Documents/private/projects/knowledger/frontend/queries/READSTATUS_QUERY.js","statementMap":{"0":{"start":{"line":3,"column":25},"end":{"line":12,"column":1}}},"fnMap":{},"branchMap":{},"s":{"0":1},"f":{},"b":{},"_coverageSchema":"43e27e138ebf9cfc5966b082cf9a028302ed4184","hash":"8ac3396593cab280f0aa8a86d2ff40b8798393e3"}
,"/Users/julienlondeix/Documents/private/projects/knowledger/frontend/queries/TAGS_QUERY.js": {"path":"/Users/julienlondeix/Documents/private/projects/knowledger/frontend/queries/TAGS_QUERY.js","statementMap":{"0":{"start":{"line":3,"column":19},"end":{"line":12,"column":1}}},"fnMap":{},"branchMap":{},"s":{"0":3},"f":{},"b":{},"_coverageSchema":"43e27e138ebf9cfc5966b082cf9a028302ed4184","hash":"4686d5bb6c15475d85e2f68bd411af6620f28d27"}
}
