TN:
SF:/Users/julienlondeix/Documents/private/projects/knowledger/frontend/components/Error.js
FN:6,(anonymous_0)
FN:15,(anonymous_1)
FNF:2
FNH:2
FNDA:4,(anonymous_0)
FNDA:1,(anonymous_1)
DA:7,4
DA:8,4
DA:10,2
DA:15,1
DA:16,1
DA:25,1
DA:36,2
DA:40,2
LF:8
LH:8
BRDA:8,0,0,2
BRDA:8,0,1,2
BRDA:8,1,0,4
BRDA:8,1,1,4
BRDA:10,2,0,1
BRDA:10,2,1,1
BRDA:11,3,0,2
BRDA:11,3,1,1
BRDA:11,3,2,1
BRF:9
BRH:9
end_of_record
TN:
SF:/Users/julienlondeix/Documents/private/projects/knowledger/frontend/components/Header.js
FN:9,(anonymous_0)
FN:13,(anonymous_1)
FN:17,(anonymous_2)
FN:22,(anonymous_3)
FNF:4
FNH:1
FNDA:0,(anonymous_0)
FNDA:0,(anonymous_1)
FNDA:0,(anonymous_2)
FNDA:1,(anonymous_3)
DA:9,1
DA:10,0
DA:13,1
DA:14,0
DA:17,1
DA:18,0
DA:19,0
DA:22,1
DA:23,1
LF:9
LH:5
BRF:0
BRH:0
end_of_record
TN:
SF:/Users/julienlondeix/Documents/private/projects/knowledger/frontend/components/Meta.js
FN:3,(anonymous_0)
FNF:1
FNH:1
FNDA:1,(anonymous_0)
DA:3,1
DA:4,1
LF:2
LH:2
BRF:0
BRH:0
end_of_record
TN:
SF:/Users/julienlondeix/Documents/private/projects/knowledger/frontend/components/Navbar.js
FN:4,(anonymous_0)
FNF:1
FNH:1
FNDA:1,(anonymous_0)
DA:4,1
DA:5,1
LF:2
LH:2
BRF:0
BRH:0
end_of_record
TN:
SF:/Users/julienlondeix/Documents/private/projects/knowledger/frontend/components/article/Article.js
FN:11,Article
FN:13,updateCacheAfterCreate
FN:25,updateCacheAfterUpdate
FN:29,(anonymous_3)
FN:30,(anonymous_4)
FN:35,updateCacheAfterDelete
FN:39,(anonymous_6)
FN:55,(anonymous_7)
FNF:8
FNH:1
FNDA:1,Article
FNDA:0,updateCacheAfterCreate
FNDA:0,updateCacheAfterUpdate
FNDA:0,(anonymous_3)
FNDA:0,(anonymous_4)
FNDA:0,updateCacheAfterDelete
FNDA:0,(anonymous_6)
FNDA:0,(anonymous_7)
DA:12,1
DA:15,0
DA:16,0
DA:17,0
DA:20,0
DA:27,0
DA:28,0
DA:29,0
DA:30,0
DA:37,0
DA:38,0
DA:39,0
DA:42,0
DA:47,1
DA:56,0
DA:57,0
DA:58,0
DA:59,0
DA:60,0
DA:76,1
DA:77,1
LF:21
LH:4
BRDA:47,0,0,1
BRDA:47,0,1,0
BRDA:56,1,0,0
BRDA:56,1,1,0
BRDA:57,2,0,0
BRDA:57,2,1,0
BRF:6
BRH:1
end_of_record
TN:
SF:/Users/julienlondeix/Documents/private/projects/knowledger/frontend/components/article/ArticleCreate.js
FN:26,(anonymous_0)
FN:30,(anonymous_1)
FN:33,(anonymous_2)
FN:42,(anonymous_3)
FN:45,(anonymous_4)
FN:54,(anonymous_5)
FN:60,(anonymous_6)
FN:66,(anonymous_7)
FN:68,(anonymous_8)
FNF:9
FNH:2
FNDA:0,(anonymous_0)
FNDA:0,(anonymous_1)
FNDA:0,(anonymous_2)
FNDA:0,(anonymous_3)
FNDA:0,(anonymous_4)
FNDA:0,(anonymous_5)
FNDA:1,(anonymous_6)
FNDA:0,(anonymous_7)
FNDA:1,(anonymous_8)
DA:10,1
DA:26,1
DA:27,0
DA:30,1
DA:31,0
DA:33,0
DA:42,1
DA:43,0
DA:45,0
DA:54,1
DA:55,0
DA:56,0
DA:57,0
DA:61,1
DA:62,1
DA:66,0
DA:69,1
DA:70,1
DA:71,1
DA:90,1
LF:20
LH:11
BRDA:31,0,0,0
BRDA:31,0,1,0
BRDA:43,1,0,0
BRDA:43,1,1,0
BRDA:56,2,0,0
BRDA:56,2,1,0
BRF:6
BRH:0
end_of_record
TN:
SF:/Users/julienlondeix/Documents/private/projects/knowledger/frontend/components/article/ArticleDelete.js
FN:14,(anonymous_0)
FN:20,(anonymous_1)
FN:22,(anonymous_2)
FN:28,(anonymous_3)
FNF:4
FNH:0
FNDA:0,(anonymous_0)
FNDA:0,(anonymous_1)
FNDA:0,(anonymous_2)
FNDA:0,(anonymous_3)
DA:10,0
DA:15,0
DA:16,0
DA:20,0
DA:23,0
DA:29,0
DA:30,0
DA:31,0
DA:47,1
LF:9
LH:1
BRDA:11,0,0,0
BRDA:11,0,1,0
BRF:2
BRH:0
end_of_record
TN:
SF:/Users/julienlondeix/Documents/private/projects/knowledger/frontend/components/article/ArticleUpdate.js
FN:18,(anonymous_0)
FN:20,(anonymous_1)
FN:26,(anonymous_2)
FN:30,(anonymous_3)
FN:33,(anonymous_4)
FN:42,(anonymous_5)
FN:45,(anonymous_6)
FN:54,(anonymous_7)
FN:66,(anonymous_8)
FN:69,(anonymous_9)
FN:70,(anonymous_10)
FN:74,(anonymous_11)
FN:80,(anonymous_12)
FN:82,(anonymous_13)
FNF:14
FNH:0
FNDA:0,(anonymous_0)
FNDA:0,(anonymous_1)
FNDA:0,(anonymous_2)
FNDA:0,(anonymous_3)
FNDA:0,(anonymous_4)
FNDA:0,(anonymous_5)
FNDA:0,(anonymous_6)
FNDA:0,(anonymous_7)
FNDA:0,(anonymous_8)
FNDA:0,(anonymous_9)
FNDA:0,(anonymous_10)
FNDA:0,(anonymous_11)
FNDA:0,(anonymous_12)
FNDA:0,(anonymous_13)
DA:10,0
DA:18,0
DA:20,0
DA:26,0
DA:27,0
DA:30,0
DA:31,0
DA:33,0
DA:42,0
DA:43,0
DA:45,0
DA:54,0
DA:55,0
DA:56,0
DA:57,0
DA:62,0
DA:63,0
DA:66,0
DA:67,0
DA:68,0
DA:69,0
DA:70,0
DA:71,0
DA:75,0
DA:76,0
DA:80,0
DA:83,0
DA:102,1
LF:28
LH:1
BRDA:11,0,0,0
BRDA:11,0,1,0
BRDA:12,1,0,0
BRDA:12,1,1,0
BRDA:13,2,0,0
BRDA:13,2,1,0
BRDA:14,3,0,0
BRDA:14,3,1,0
BRDA:15,4,0,0
BRDA:15,4,1,0
BRDA:16,5,0,0
BRDA:16,5,1,0
BRDA:17,6,0,0
BRDA:17,6,1,0
BRDA:18,7,0,0
BRDA:18,7,1,0
BRDA:19,8,0,0
BRDA:19,8,1,0
BRDA:20,9,0,0
BRDA:20,9,1,0
BRDA:31,10,0,0
BRDA:31,10,1,0
BRDA:43,11,0,0
BRDA:43,11,1,0
BRDA:57,12,0,0
BRDA:57,12,1,0
BRDA:59,13,0,0
BRDA:59,13,1,0
BRF:28
BRH:0
end_of_record
TN:
SF:/Users/julienlondeix/Documents/private/projects/knowledger/frontend/components/article/form/ArticleForm.js
FN:17,(anonymous_0)
FN:33,(anonymous_1)
FNF:2
FNH:1
FNDA:1,(anonymous_0)
FNDA:0,(anonymous_1)
DA:28,1
DA:29,1
DA:34,0
DA:35,0
DA:36,0
DA:56,1
LF:6
LH:3
BRF:0
BRH:0
end_of_record
TN:
SF:/Users/julienlondeix/Documents/private/projects/knowledger/frontend/components/article/form/fields/ArticleAuthorField.js
FN:7,(anonymous_0)
FNF:1
FNH:1
FNDA:2,(anonymous_0)
DA:8,2
DA:9,2
DA:10,2
DA:23,2
LF:4
LH:4
BRF:0
BRH:0
end_of_record
TN:
SF:/Users/julienlondeix/Documents/private/projects/knowledger/frontend/components/article/form/fields/ArticleCategoriesField.js
FN:7,(anonymous_0)
FNF:1
FNH:1
FNDA:10,(anonymous_0)
DA:8,10
DA:9,10
DA:10,10
DA:26,2
LF:4
LH:4
BRF:0
BRH:0
end_of_record
TN:
SF:/Users/julienlondeix/Documents/private/projects/knowledger/frontend/components/article/form/fields/ArticleIsReadField.js
FN:6,(anonymous_0)
FNF:1
FNH:1
FNDA:2,(anonymous_0)
DA:7,2
DA:8,2
DA:10,2
DA:25,2
LF:4
LH:4
BRF:0
BRH:0
end_of_record
TN:
SF:/Users/julienlondeix/Documents/private/projects/knowledger/frontend/components/article/form/fields/ArticleReadStatusField.js
FN:7,(anonymous_0)
FNF:1
FNH:1
FNDA:1,(anonymous_0)
DA:8,1
DA:9,1
DA:10,1
DA:25,1
LF:4
LH:4
BRF:0
BRH:0
end_of_record
TN:
SF:/Users/julienlondeix/Documents/private/projects/knowledger/frontend/components/article/form/fields/ArticleSourceField.js
FN:7,(anonymous_0)
FNF:1
FNH:1
FNDA:2,(anonymous_0)
DA:8,2
DA:9,2
DA:10,2
DA:23,2
LF:4
LH:4
BRF:0
BRH:0
end_of_record
TN:
SF:/Users/julienlondeix/Documents/private/projects/knowledger/frontend/components/article/form/fields/ArticleSummaryField.js
FN:7,(anonymous_0)
FNF:1
FNH:1
FNDA:2,(anonymous_0)
DA:8,2
DA:9,2
DA:10,2
DA:24,2
LF:4
LH:4
BRF:0
BRH:0
end_of_record
TN:
SF:/Users/julienlondeix/Documents/private/projects/knowledger/frontend/components/article/form/fields/ArticleTagsField.js
FN:7,(anonymous_0)
FNF:1
FNH:1
FNDA:10,(anonymous_0)
DA:8,10
DA:9,10
DA:10,10
DA:26,2
LF:4
LH:4
BRF:0
BRH:0
end_of_record
TN:
SF:/Users/julienlondeix/Documents/private/projects/knowledger/frontend/components/article/form/fields/ArticleTitleField.js
FN:7,(anonymous_0)
FNF:1
FNH:1
FNDA:2,(anonymous_0)
DA:8,2
DA:9,2
DA:10,2
DA:24,2
LF:4
LH:4
BRF:0
BRH:0
end_of_record
TN:
SF:/Users/julienlondeix/Documents/private/projects/knowledger/frontend/components/article/form/fields/ArticleUriField.js
FN:7,(anonymous_0)
FNF:1
FNH:1
FNDA:2,(anonymous_0)
DA:8,2
DA:9,2
DA:10,2
DA:24,2
LF:4
LH:4
BRF:0
BRH:0
end_of_record
TN:
SF:/Users/julienlondeix/Documents/private/projects/knowledger/frontend/components/article/form/fields/ArticlesJsonField.js
FN:7,(anonymous_0)
FNF:1
FNH:1
FNDA:1,(anonymous_0)
DA:8,1
DA:9,1
DA:10,1
DA:24,1
LF:4
LH:4
BRF:0
BRH:0
end_of_record
TN:
SF:/Users/julienlondeix/Documents/private/projects/knowledger/frontend/components/article/form/styles/StyledArticleForm.js
FN:46,(anonymous_0)
FN:64,(anonymous_1)
FN:86,(anonymous_2)
FN:102,(anonymous_3)
FNF:4
FNH:2
FNDA:1,(anonymous_0)
FNDA:0,(anonymous_1)
FNDA:1,(anonymous_2)
FNDA:0,(anonymous_3)
DA:3,1
DA:46,1
DA:64,0
DA:86,1
DA:102,0
LF:5
LH:3
BRF:0
BRH:0
end_of_record
TN:
SF:/Users/julienlondeix/Documents/private/projects/knowledger/frontend/components/category/form/CategorySelect.js
FN:9,(anonymous_0)
FN:13,(anonymous_1)
FN:16,(anonymous_2)
FN:19,(anonymous_3)
FN:23,(anonymous_4)
FNF:5
FNH:5
FNDA:19,(anonymous_0)
FNDA:38,(anonymous_1)
FNDA:14,(anonymous_2)
FNDA:2,(anonymous_3)
FNDA:4,(anonymous_4)
DA:10,19
DA:11,19
DA:14,38
DA:15,19
DA:16,16
DA:17,16
DA:19,2
DA:22,16
DA:23,4
DA:25,16
DA:36,16
DA:46,3
LF:12
LH:12
BRDA:14,0,0,19
BRDA:14,0,1,19
BRDA:15,1,0,3
BRDA:15,1,1,16
BRDA:17,2,0,4
BRDA:17,2,1,12
BRDA:18,3,0,2
BRDA:18,3,1,2
BRDA:22,4,0,4
BRDA:22,4,1,12
BRDA:26,5,0,9
BRDA:26,5,1,7
BRDA:36,6,0,9
BRDA:36,6,1,7
BRF:14
BRH:14
end_of_record
TN:
SF:/Users/julienlondeix/Documents/private/projects/knowledger/frontend/components/form/InputField.js
FN:6,(anonymous_0)
FNF:1
FNH:1
FNDA:10,(anonymous_0)
DA:7,10
DA:8,10
DA:25,6
LF:3
LH:3
BRDA:16,0,0,5
BRDA:16,0,1,5
BRF:2
BRH:2
end_of_record
TN:
SF:/Users/julienlondeix/Documents/private/projects/knowledger/frontend/components/form/LabelField.js
FN:5,(anonymous_0)
FNF:1
FNH:1
FNDA:35,(anonymous_0)
DA:6,35
DA:7,35
DA:16,11
LF:3
LH:3
BRF:0
BRH:0
end_of_record
TN:
SF:/Users/julienlondeix/Documents/private/projects/knowledger/frontend/components/form/TextareaField.js
FN:5,(anonymous_0)
FNF:1
FNH:1
FNDA:5,(anonymous_0)
DA:6,5
DA:7,5
DA:24,4
LF:3
LH:3
BRDA:15,0,0,1
BRDA:15,0,1,4
BRF:2
BRH:2
end_of_record
TN:
SF:/Users/julienlondeix/Documents/private/projects/knowledger/frontend/components/form/styles/StyledInputField.js
FNF:0
FNH:0
DA:3,6
LF:1
LH:1
BRF:0
BRH:0
end_of_record
TN:
SF:/Users/julienlondeix/Documents/private/projects/knowledger/frontend/components/loader/styles/StyledLoader.js
FN:20,(anonymous_0)
FNF:1
FNH:0
FNDA:0,(anonymous_0)
DA:3,1
DA:20,0
LF:2
LH:1
BRF:0
BRH:0
end_of_record
TN:
SF:/Users/julienlondeix/Documents/private/projects/knowledger/frontend/components/readStatus/form/ReadStatusSelect.js
FN:9,(anonymous_0)
FN:13,(anonymous_1)
FN:16,(anonymous_2)
FN:18,(anonymous_3)
FNF:4
FNH:2
FNDA:1,(anonymous_0)
FNDA:2,(anonymous_1)
FNDA:0,(anonymous_2)
FNDA:0,(anonymous_3)
DA:10,1
DA:11,1
DA:14,2
DA:15,1
DA:16,0
DA:17,0
DA:18,0
DA:20,0
DA:31,0
DA:41,1
LF:10
LH:5
BRDA:14,0,0,1
BRDA:14,0,1,1
BRDA:15,1,0,1
BRDA:15,1,1,0
BRDA:17,2,0,0
BRDA:17,2,1,0
BRDA:31,3,0,0
BRDA:31,3,1,0
BRF:8
BRH:3
end_of_record
TN:
SF:/Users/julienlondeix/Documents/private/projects/knowledger/frontend/components/styles/StyledError.js
FNF:0
FNH:0
DA:5,2
LF:1
LH:1
BRF:0
BRH:0
end_of_record
TN:
SF:/Users/julienlondeix/Documents/private/projects/knowledger/frontend/components/styles/StyledHeader.js
FNF:0
FNH:0
DA:3,1
LF:1
LH:1
BRF:0
BRH:0
end_of_record
TN:
SF:/Users/julienlondeix/Documents/private/projects/knowledger/frontend/components/styles/StyledNavbar.js
FN:34,(anonymous_0)
FNF:1
FNH:1
FNDA:1,(anonymous_0)
DA:3,1
DA:34,1
LF:2
LH:2
BRF:0
BRH:0
end_of_record
TN:
SF:/Users/julienlondeix/Documents/private/projects/knowledger/frontend/components/styles/StyledTitle.js
FN:11,(anonymous_0)
FN:24,(anonymous_1)
FN:42,(anonymous_2)
FNF:3
FNH:3
FNDA:1,(anonymous_0)
FNDA:1,(anonymous_1)
FNDA:1,(anonymous_2)
DA:3,1
DA:11,1
DA:24,1
DA:42,1
LF:4
LH:4
BRF:0
BRH:0
end_of_record
TN:
SF:/Users/julienlondeix/Documents/private/projects/knowledger/frontend/components/styles/Theme.js
FNF:0
FNH:0
DA:1,4
LF:1
LH:1
BRF:0
BRH:0
end_of_record
TN:
SF:/Users/julienlondeix/Documents/private/projects/knowledger/frontend/components/tag/form/TagSelect.js
FN:9,(anonymous_0)
FN:13,(anonymous_1)
FN:16,(anonymous_2)
FN:19,(anonymous_3)
FN:23,(anonymous_4)
FNF:5
FNH:5
FNDA:19,(anonymous_0)
FNDA:38,(anonymous_1)
FNDA:14,(anonymous_2)
FNDA:2,(anonymous_3)
FNDA:4,(anonymous_4)
DA:10,19
DA:11,19
DA:14,38
DA:15,19
DA:16,16
DA:17,16
DA:19,2
DA:22,16
DA:23,4
DA:25,16
DA:36,16
DA:46,3
LF:12
LH:12
BRDA:14,0,0,19
BRDA:14,0,1,19
BRDA:15,1,0,3
BRDA:15,1,1,16
BRDA:17,2,0,4
BRDA:17,2,1,12
BRDA:18,3,0,2
BRDA:18,3,1,2
BRDA:22,4,0,4
BRDA:22,4,1,12
BRDA:26,5,0,9
BRDA:26,5,1,7
BRDA:36,6,0,9
BRDA:36,6,1,7
BRF:14
BRH:14
end_of_record
TN:
SF:/Users/julienlondeix/Documents/private/projects/knowledger/frontend/pages/index.js
FN:1,(anonymous_0)
FNF:1
FNH:1
FNDA:1,(anonymous_0)
DA:1,1
DA:2,1
LF:2
LH:2
BRF:0
BRH:0
end_of_record
TN:
SF:/Users/julienlondeix/Documents/private/projects/knowledger/frontend/queries/ARTICLES_QUERY.js
FNF:0
FNH:0
DA:3,1
LF:1
LH:1
BRF:0
BRH:0
end_of_record
TN:
SF:/Users/julienlondeix/Documents/private/projects/knowledger/frontend/queries/ARTICLE_CREATE_MUTATION.js
FNF:0
FNH:0
DA:3,1
LF:1
LH:1
BRF:0
BRH:0
end_of_record
TN:
SF:/Users/julienlondeix/Documents/private/projects/knowledger/frontend/queries/ARTICLE_DELETE_MUTATION.js
FNF:0
FNH:0
DA:3,1
LF:1
LH:1
BRF:0
BRH:0
end_of_record
TN:
SF:/Users/julienlondeix/Documents/private/projects/knowledger/frontend/queries/ARTICLE_QUERY.js
FNF:0
FNH:0
DA:3,1
LF:1
LH:1
BRF:0
BRH:0
end_of_record
TN:
SF:/Users/julienlondeix/Documents/private/projects/knowledger/frontend/queries/ARTICLE_UPDATE_MUTATION.js
FNF:0
FNH:0
DA:3,1
DA:17,1
LF:2
LH:2
BRF:0
BRH:0
end_of_record
TN:
SF:/Users/julienlondeix/Documents/private/projects/knowledger/frontend/queries/CATEGORIES_QUERY.js
FNF:0
FNH:0
DA:3,3
LF:1
LH:1
BRF:0
BRH:0
end_of_record
TN:
SF:/Users/julienlondeix/Documents/private/projects/knowledger/frontend/queries/READSTATUS_QUERY.js
FNF:0
FNH:0
DA:3,1
LF:1
LH:1
BRF:0
BRH:0
end_of_record
TN:
SF:/Users/julienlondeix/Documents/private/projects/knowledger/frontend/queries/TAGS_QUERY.js
FNF:0
FNH:0
DA:3,3
LF:1
LH:1
BRF:0
BRH:0
end_of_record
