TN:
SF:/Users/julienlondeix/Documents/private/projects/knowledger/frontend/constants.js
FNF:0
FNH:0
DA:1,1
DA:2,1
LF:2
LH:2
BRF:0
BRH:0
end_of_record
TN:
SF:/Users/julienlondeix/Documents/private/projects/knowledger/frontend/utils.js
FN:1,timeDifference
FN:29,timeDifferenceForDate
FNF:2
FNH:2
FNDA:91,timeDifference
FNDA:91,timeDifferenceForDate
DA:2,91
DA:3,91
DA:4,91
DA:5,91
DA:6,91
DA:8,91
DA:10,91
DA:11,7
DA:14,84
DA:15,7
DA:16,77
DA:17,7
DA:18,70
DA:19,7
DA:20,63
DA:21,7
DA:22,56
DA:23,7
DA:25,49
DA:30,91
DA:31,91
DA:32,91
LF:22
LH:22
BRDA:10,0,0,7
BRDA:10,0,1,84
BRDA:14,1,0,7
BRDA:14,1,1,77
BRDA:16,2,0,7
BRDA:16,2,1,70
BRDA:18,3,0,7
BRDA:18,3,1,63
BRDA:20,4,0,7
BRDA:20,4,1,56
BRDA:22,5,0,7
BRDA:22,5,1,49
BRF:12
BRH:12
end_of_record
TN:
SF:/Users/julienlondeix/Documents/private/projects/knowledger/frontend/__tests__/utils.js
FN:11,(anonymous_0)
FN:19,(anonymous_1)
FN:23,(anonymous_2)
FN:25,(anonymous_3)
FN:27,(anonymous_4)
FN:40,(anonymous_5)
FN:51,(anonymous_6)
FN:57,(anonymous_7)
FN:62,(anonymous_8)
FN:74,(anonymous_9)
FN:84,(anonymous_10)
FN:97,(anonymous_11)
FN:101,(anonymous_12)
FNF:13
FNH:12
FNDA:17,(anonymous_0)
FNDA:17,(anonymous_1)
FNDA:17,(anonymous_2)
FNDA:17,(anonymous_3)
FNDA:17,(anonymous_4)
FNDA:13,(anonymous_5)
FNDA:7,(anonymous_6)
FNDA:0,(anonymous_7)
FNDA:1,(anonymous_8)
FNDA:2,(anonymous_9)
FNDA:2,(anonymous_10)
FNDA:3,(anonymous_11)
FNDA:3,(anonymous_12)
DA:11,3
DA:12,17
DA:19,3
DA:20,17
DA:23,3
DA:25,17
DA:26,17
DA:27,17
DA:28,17
DA:31,17
DA:34,3
DA:40,3
DA:41,13
DA:43,13
DA:44,13
DA:45,13
DA:46,13
DA:51,3
DA:52,7
DA:53,7
DA:54,7
DA:55,7
DA:56,7
DA:57,7
DA:62,3
DA:63,1
DA:64,1
DA:65,1
DA:66,1
DA:68,1
DA:69,1
DA:74,3
DA:75,2
DA:77,2
DA:78,2
DA:83,2
DA:84,2
DA:92,0
DA:97,3
DA:98,3
DA:99,3
DA:100,3
DA:101,3
LF:43
LH:42
BRDA:43,0,0,13
BRDA:43,0,1,0
BRDA:45,1,0,13
BRDA:45,1,1,0
BRDA:51,2,0,2
BRDA:53,3,0,7
BRDA:53,3,1,0
BRDA:56,4,0,7
BRDA:56,4,1,0
BRDA:64,5,0,1
BRDA:64,5,1,0
BRDA:66,6,0,1
BRDA:66,6,1,0
BRDA:77,7,0,2
BRDA:77,7,1,0
BRDA:99,8,0,3
BRDA:99,8,1,0
BRF:17
BRH:9
end_of_record
TN:
SF:/Users/julienlondeix/Documents/private/projects/knowledger/frontend/components/Error.js
FN:6,(anonymous_0)
FN:15,(anonymous_1)
FNF:2
FNH:2
FNDA:44,(anonymous_0)
FNDA:1,(anonymous_1)
DA:7,44
DA:8,44
DA:10,2
DA:15,1
DA:16,1
DA:25,1
DA:36,5
DA:40,5
LF:8
LH:8
BRDA:8,0,0,42
BRDA:8,0,1,2
BRDA:8,1,0,44
BRDA:8,1,1,44
BRDA:10,2,0,1
BRDA:10,2,1,1
BRDA:11,3,0,2
BRDA:11,3,1,1
BRDA:11,3,2,1
BRF:9
BRH:9
end_of_record
TN:
SF:/Users/julienlondeix/Documents/private/projects/knowledger/frontend/components/Header.js
FN:9,(anonymous_0)
FN:13,(anonymous_1)
FN:17,(anonymous_2)
FN:22,(anonymous_3)
FNF:4
FNH:1
FNDA:0,(anonymous_0)
FNDA:0,(anonymous_1)
FNDA:0,(anonymous_2)
FNDA:1,(anonymous_3)
DA:9,1
DA:10,0
DA:13,1
DA:14,0
DA:17,1
DA:18,0
DA:19,0
DA:22,1
DA:23,1
LF:9
LH:5
BRF:0
BRH:0
end_of_record
TN:
SF:/Users/julienlondeix/Documents/private/projects/knowledger/frontend/components/Meta.js
FN:3,(anonymous_0)
FNF:1
FNH:1
FNDA:1,(anonymous_0)
DA:3,1
DA:4,1
LF:2
LH:2
BRF:0
BRH:0
end_of_record
TN:
SF:/Users/julienlondeix/Documents/private/projects/knowledger/frontend/components/Navbar.js
FN:4,(anonymous_0)
FNF:1
FNH:1
FNDA:1,(anonymous_0)
DA:4,1
DA:5,1
LF:2
LH:2
BRF:0
BRH:0
end_of_record
TN:
SF:/Users/julienlondeix/Documents/private/projects/knowledger/frontend/components/article/Article.js
FN:12,Article
FN:14,updateCacheAfterCreate
FN:26,updateCacheAfterUpdate
FN:30,(anonymous_3)
FN:31,(anonymous_4)
FN:36,updateCacheAfterDelete
FN:40,(anonymous_6)
FN:57,(anonymous_7)
FNF:8
FNH:2
FNDA:4,Article
FNDA:0,updateCacheAfterCreate
FNDA:0,updateCacheAfterUpdate
FNDA:0,(anonymous_3)
FNDA:0,(anonymous_4)
FNDA:0,updateCacheAfterDelete
FNDA:0,(anonymous_6)
FNDA:4,(anonymous_7)
DA:13,4
DA:16,0
DA:17,0
DA:18,0
DA:21,0
DA:28,0
DA:29,0
DA:30,0
DA:31,0
DA:38,0
DA:39,0
DA:40,0
DA:43,0
DA:49,4
DA:59,4
DA:60,2
DA:61,1
DA:63,1
DA:79,1
DA:80,1
LF:20
LH:8
BRDA:49,0,0,2
BRDA:49,0,1,2
BRDA:59,1,0,2
BRDA:59,1,1,2
BRDA:60,2,0,1
BRDA:60,2,1,1
BRF:6
BRH:6
end_of_record
TN:
SF:/Users/julienlondeix/Documents/private/projects/knowledger/frontend/components/article/ArticleCreate.js
FN:26,(anonymous_0)
FN:31,(anonymous_1)
FN:35,(anonymous_2)
FN:44,(anonymous_3)
FN:48,(anonymous_4)
FN:57,(anonymous_5)
FN:68,(anonymous_6)
FN:74,(anonymous_7)
FN:76,(anonymous_8)
FNF:9
FNH:9
FNDA:1,(anonymous_0)
FNDA:3,(anonymous_1)
FNDA:2,(anonymous_2)
FNDA:3,(anonymous_3)
FNDA:2,(anonymous_4)
FNDA:8,(anonymous_5)
FNDA:20,(anonymous_6)
FNDA:1,(anonymous_7)
FNDA:22,(anonymous_8)
DA:10,5
DA:26,5
DA:28,1
DA:31,5
DA:33,3
DA:35,2
DA:44,5
DA:46,3
DA:48,2
DA:57,5
DA:58,8
DA:59,8
DA:65,8
DA:69,20
DA:70,20
DA:74,1
DA:79,22
DA:99,2
LF:18
LH:18
BRDA:33,0,0,2
BRDA:33,0,1,1
BRDA:46,1,0,2
BRDA:46,1,1,1
BRDA:59,2,0,1
BRDA:59,2,1,7
BRDA:61,3,0,2
BRDA:61,3,1,5
BRF:8
BRH:8
end_of_record
TN:
SF:/Users/julienlondeix/Documents/private/projects/knowledger/frontend/components/article/ArticleDelete.js
FN:14,(anonymous_0)
FN:20,(anonymous_1)
FN:22,(anonymous_2)
FN:28,(anonymous_3)
FNF:4
FNH:4
FNDA:4,(anonymous_0)
FNDA:1,(anonymous_1)
FNDA:6,(anonymous_2)
FNDA:1,(anonymous_3)
DA:10,4
DA:15,4
DA:16,4
DA:20,1
DA:23,6
DA:29,1
DA:30,1
DA:31,1
DA:47,2
LF:9
LH:9
BRDA:11,0,0,4
BRDA:11,0,1,1
BRF:2
BRH:2
end_of_record
TN:
SF:/Users/julienlondeix/Documents/private/projects/knowledger/frontend/components/article/ArticleUpdate.js
FN:18,(anonymous_0)
FN:20,(anonymous_1)
FN:26,(anonymous_2)
FN:30,(anonymous_3)
FN:33,(anonymous_4)
FN:42,(anonymous_5)
FN:45,(anonymous_6)
FN:54,(anonymous_7)
FN:74,(anonymous_8)
FN:81,(anonymous_9)
FN:83,(anonymous_10)
FNF:11
FNH:11
FNDA:3,(anonymous_0)
FNDA:3,(anonymous_1)
FNDA:1,(anonymous_2)
FNDA:2,(anonymous_3)
FNDA:1,(anonymous_4)
FNDA:2,(anonymous_5)
FNDA:1,(anonymous_6)
FNDA:2,(anonymous_7)
FNDA:11,(anonymous_8)
FNDA:1,(anonymous_9)
FNDA:13,(anonymous_10)
DA:10,4
DA:18,3
DA:20,3
DA:26,4
DA:27,1
DA:30,4
DA:31,2
DA:33,1
DA:42,4
DA:43,2
DA:45,1
DA:54,4
DA:56,2
DA:57,2
DA:63,2
DA:76,11
DA:77,11
DA:81,1
DA:84,13
DA:104,2
LF:20
LH:20
BRDA:11,0,0,4
BRDA:11,0,1,1
BRDA:12,1,0,4
BRDA:12,1,1,1
BRDA:13,2,0,4
BRDA:13,2,1,1
BRDA:14,3,0,4
BRDA:14,3,1,1
BRDA:15,4,0,4
BRDA:15,4,1,1
BRDA:16,5,0,4
BRDA:16,5,1,1
BRDA:17,6,0,4
BRDA:17,6,1,1
BRDA:18,7,0,3
BRDA:18,7,1,1
BRDA:19,8,0,4
BRDA:19,8,1,1
BRDA:20,9,0,3
BRDA:20,9,1,1
BRDA:31,10,0,1
BRDA:31,10,1,1
BRDA:43,11,0,1
BRDA:43,11,1,1
BRDA:57,12,0,1
BRDA:57,12,1,1
BRDA:59,13,0,1
BRDA:59,13,1,0
BRF:28
BRH:27
end_of_record
TN:
SF:/Users/julienlondeix/Documents/private/projects/knowledger/frontend/components/article/form/ArticleForm.js
FN:17,(anonymous_0)
FN:36,(anonymous_1)
FNF:2
FNH:2
FNDA:35,(anonymous_0)
FNDA:2,(anonymous_1)
DA:29,35
DA:31,35
DA:37,2
DA:38,2
DA:58,3
LF:5
LH:5
BRF:0
BRH:0
end_of_record
TN:
SF:/Users/julienlondeix/Documents/private/projects/knowledger/frontend/components/article/form/fields/ArticleAuthorField.js
FN:7,(anonymous_0)
FNF:1
FNH:1
FNDA:36,(anonymous_0)
DA:8,36
DA:9,36
DA:10,36
DA:23,4
LF:4
LH:4
BRF:0
BRH:0
end_of_record
TN:
SF:/Users/julienlondeix/Documents/private/projects/knowledger/frontend/components/article/form/fields/ArticleCategoriesField.js
FN:7,(anonymous_0)
FNF:1
FNH:1
FNDA:44,(anonymous_0)
DA:8,44
DA:9,44
DA:10,44
DA:26,4
LF:4
LH:4
BRF:0
BRH:0
end_of_record
TN:
SF:/Users/julienlondeix/Documents/private/projects/knowledger/frontend/components/article/form/fields/ArticleIsReadField.js
FN:6,(anonymous_0)
FNF:1
FNH:1
FNDA:36,(anonymous_0)
DA:7,36
DA:8,36
DA:10,36
DA:25,4
LF:4
LH:4
BRF:0
BRH:0
end_of_record
TN:
SF:/Users/julienlondeix/Documents/private/projects/knowledger/frontend/components/article/form/fields/ArticleReadStatusField.js
FN:7,(anonymous_0)
FNF:1
FNH:1
FNDA:42,(anonymous_0)
DA:8,42
DA:9,42
DA:12,42
DA:13,42
DA:28,4
LF:5
LH:5
BRDA:9,0,0,1
BRDA:9,0,1,41
BRF:2
BRH:2
end_of_record
TN:
SF:/Users/julienlondeix/Documents/private/projects/knowledger/frontend/components/article/form/fields/ArticleSourceField.js
FN:7,(anonymous_0)
FNF:1
FNH:1
FNDA:36,(anonymous_0)
DA:8,36
DA:9,36
DA:10,36
DA:23,4
LF:4
LH:4
BRF:0
BRH:0
end_of_record
TN:
SF:/Users/julienlondeix/Documents/private/projects/knowledger/frontend/components/article/form/fields/ArticleSummaryField.js
FN:7,(anonymous_0)
FNF:1
FNH:1
FNDA:36,(anonymous_0)
DA:8,36
DA:9,36
DA:10,36
DA:24,4
LF:4
LH:4
BRF:0
BRH:0
end_of_record
TN:
SF:/Users/julienlondeix/Documents/private/projects/knowledger/frontend/components/article/form/fields/ArticleTagsField.js
FN:7,(anonymous_0)
FNF:1
FNH:1
FNDA:44,(anonymous_0)
DA:8,44
DA:9,44
DA:10,44
DA:26,4
LF:4
LH:4
BRF:0
BRH:0
end_of_record
TN:
SF:/Users/julienlondeix/Documents/private/projects/knowledger/frontend/components/article/form/fields/ArticleTitleField.js
FN:7,(anonymous_0)
FNF:1
FNH:1
FNDA:36,(anonymous_0)
DA:8,36
DA:9,36
DA:10,36
DA:24,4
LF:4
LH:4
BRF:0
BRH:0
end_of_record
TN:
SF:/Users/julienlondeix/Documents/private/projects/knowledger/frontend/components/article/form/fields/ArticleUriField.js
FN:7,(anonymous_0)
FNF:1
FNH:1
FNDA:36,(anonymous_0)
DA:8,36
DA:9,36
DA:10,36
DA:24,4
LF:4
LH:4
BRF:0
BRH:0
end_of_record
TN:
SF:/Users/julienlondeix/Documents/private/projects/knowledger/frontend/components/article/form/fields/ArticlesJsonField.js
FN:7,(anonymous_0)
FNF:1
FNH:1
FNDA:1,(anonymous_0)
DA:8,1
DA:9,1
DA:10,1
DA:24,1
LF:4
LH:4
BRF:0
BRH:0
end_of_record
TN:
SF:/Users/julienlondeix/Documents/private/projects/knowledger/frontend/components/article/form/styles/StyledArticleForm.js
FN:46,(anonymous_0)
FN:85,(anonymous_1)
FNF:2
FNH:2
FNDA:41,(anonymous_0)
FNDA:41,(anonymous_1)
DA:3,4
DA:46,41
DA:85,41
LF:3
LH:3
BRF:0
BRH:0
end_of_record
TN:
SF:/Users/julienlondeix/Documents/private/projects/knowledger/frontend/components/article/list/Articles.js
FN:23,(anonymous_0)
FN:29,(anonymous_1)
FN:45,(anonymous_2)
FN:55,(anonymous_3)
FN:59,(anonymous_4)
FN:60,(anonymous_5)
FN:74,(anonymous_6)
FN:79,(anonymous_7)
FN:104,(anonymous_8)
FNF:9
FNH:9
FNDA:33,(anonymous_0)
FNDA:8,(anonymous_1)
FNDA:11,(anonymous_2)
FNDA:3,(anonymous_3)
FNDA:1,(anonymous_4)
FNDA:1,(anonymous_5)
FNDA:8,(anonymous_6)
FNDA:16,(anonymous_7)
FNDA:91,(anonymous_8)
DA:15,1
DA:23,8
DA:24,33
DA:29,8
DA:33,8
DA:34,8
DA:35,8
DA:36,8
DA:37,8
DA:45,11
DA:55,8
DA:56,3
DA:57,3
DA:58,3
DA:59,1
DA:60,1
DA:65,3
DA:76,8
DA:81,16
DA:82,8
DA:84,7
DA:85,7
DA:86,7
DA:104,91
DA:115,1
LF:25
LH:25
BRDA:24,0,0,3
BRDA:24,0,1,30
BRDA:24,1,0,33
BRDA:24,1,1,3
BRDA:33,2,0,8
BRDA:33,2,1,0
BRDA:46,3,0,3
BRDA:46,3,1,8
BRDA:59,4,0,1
BRDA:59,4,1,1
BRDA:70,5,0,1
BRDA:70,5,1,2
BRDA:81,6,0,8
BRDA:81,6,1,8
BRDA:82,7,0,1
BRDA:82,7,1,7
BRDA:97,8,0,1
BRDA:97,8,1,6
BRDA:98,9,0,1
BRDA:98,9,1,6
BRF:20
BRH:19
end_of_record
TN:
SF:/Users/julienlondeix/Documents/private/projects/knowledger/frontend/components/article/list/ArticlesFilter.js
FN:20,(anonymous_0)
FN:33,(anonymous_1)
FN:38,(anonymous_2)
FN:43,(anonymous_3)
FN:50,(anonymous_4)
FN:56,(anonymous_5)
FN:61,(anonymous_6)
FNF:7
FNH:7
FNDA:5,(anonymous_0)
FNDA:3,(anonymous_1)
FNDA:2,(anonymous_2)
FNDA:1,(anonymous_3)
FNDA:1,(anonymous_4)
FNDA:15,(anonymous_5)
FNDA:3,(anonymous_6)
DA:8,2
DA:16,13
DA:20,13
DA:33,13
DA:35,3
DA:38,13
DA:39,2
DA:40,2
DA:43,13
DA:45,1
DA:50,13
DA:51,1
DA:57,15
DA:58,15
DA:62,3
DA:63,3
DA:92,2
LF:17
LH:17
BRDA:17,0,0,13
BRDA:17,0,1,10
BRDA:21,1,0,3
BRDA:21,1,1,2
BRDA:24,2,0,3
BRDA:24,2,1,2
BRDA:27,3,0,3
BRDA:27,3,1,2
BRDA:46,4,0,1
BRDA:46,4,1,0
BRDA:52,5,0,1
BRDA:52,5,1,0
BRF:12
BRH:10
end_of_record
TN:
SF:/Users/julienlondeix/Documents/private/projects/knowledger/frontend/components/article/list/block/ArticleBlock.js
FN:15,(anonymous_0)
FN:22,(anonymous_1)
FN:40,(anonymous_2)
FNF:3
FNH:3
FNDA:91,(anonymous_0)
FNDA:91,(anonymous_1)
FNDA:91,(anonymous_2)
DA:10,1
DA:16,91
DA:18,91
DA:23,91
DA:41,91
DA:67,1
LF:6
LH:6
BRDA:21,0,0,91
BRDA:21,0,1,0
BRDA:39,1,0,91
BRDA:39,1,1,0
BRF:4
BRH:2
end_of_record
TN:
SF:/Users/julienlondeix/Documents/private/projects/knowledger/frontend/components/article/list/block/styles/StyledArticleBlock.js
FN:23,(anonymous_0)
FN:91,(anonymous_1)
FNF:2
FNH:2
FNDA:91,(anonymous_0)
FNDA:91,(anonymous_1)
DA:3,1
DA:23,91
DA:91,91
LF:3
LH:3
BRF:0
BRH:0
end_of_record
TN:
SF:/Users/julienlondeix/Documents/private/projects/knowledger/frontend/components/article/list/block/styles/StyledArticleBlockTitle.js
FN:7,(anonymous_0)
FN:15,(anonymous_1)
FN:16,(anonymous_2)
FN:20,(anonymous_3)
FNF:4
FNH:4
FNDA:91,(anonymous_0)
FNDA:91,(anonymous_1)
FNDA:91,(anonymous_2)
FNDA:91,(anonymous_3)
DA:3,1
DA:7,91
DA:15,91
DA:16,91
DA:20,91
LF:5
LH:5
BRF:0
BRH:0
end_of_record
TN:
SF:/Users/julienlondeix/Documents/private/projects/knowledger/frontend/components/article/list/styles/StyledArticlesContainer.js
FN:21,(anonymous_0)
FNF:1
FNH:1
FNDA:8,(anonymous_0)
DA:3,1
DA:21,8
LF:2
LH:2
BRF:0
BRH:0
end_of_record
TN:
SF:/Users/julienlondeix/Documents/private/projects/knowledger/frontend/components/article/list/styles/StyledArticlesFilter.js
FNF:0
FNH:0
DA:3,2
LF:1
LH:1
BRF:0
BRH:0
end_of_record
TN:
SF:/Users/julienlondeix/Documents/private/projects/knowledger/frontend/components/article/list/styles/StyledArticlesList.js
FN:5,(anonymous_0)
FN:5,(anonymous_1)
FN:5,(anonymous_2)
FN:5,(anonymous_3)
FN:6,(anonymous_4)
FN:8,(anonymous_5)
FN:9,(anonymous_6)
FN:9,(anonymous_7)
FN:9,(anonymous_8)
FN:12,(anonymous_9)
FN:13,(anonymous_10)
FN:13,(anonymous_11)
FN:15,(anonymous_12)
FN:16,(anonymous_13)
FNF:14
FNH:14
FNDA:7,(anonymous_0)
FNDA:7,(anonymous_1)
FNDA:7,(anonymous_2)
FNDA:7,(anonymous_3)
FNDA:7,(anonymous_4)
FNDA:7,(anonymous_5)
FNDA:7,(anonymous_6)
FNDA:7,(anonymous_7)
FNDA:7,(anonymous_8)
FNDA:7,(anonymous_9)
FNDA:7,(anonymous_10)
FNDA:7,(anonymous_11)
FNDA:7,(anonymous_12)
FNDA:7,(anonymous_13)
DA:3,1
DA:5,7
DA:6,7
DA:8,7
DA:9,7
DA:12,7
DA:13,7
DA:15,7
DA:16,7
LF:9
LH:9
BRF:0
BRH:0
end_of_record
TN:
SF:/Users/julienlondeix/Documents/private/projects/knowledger/frontend/components/category/form/CategorySelect.js
FN:9,(anonymous_0)
FN:13,(anonymous_1)
FN:16,(anonymous_2)
FN:19,(anonymous_3)
FN:23,(anonymous_4)
FNF:5
FNH:5
FNDA:68,(anonymous_0)
FNDA:108,(anonymous_1)
FNDA:64,(anonymous_2)
FNDA:15,(anonymous_3)
FNDA:42,(anonymous_4)
DA:10,68
DA:11,68
DA:14,108
DA:15,68
DA:16,66
DA:17,66
DA:19,15
DA:22,66
DA:23,42
DA:25,66
DA:36,66
DA:46,7
LF:12
LH:12
BRDA:14,0,0,40
BRDA:14,0,1,68
BRDA:15,1,0,2
BRDA:15,1,1,66
BRDA:17,2,0,42
BRDA:17,2,1,24
BRDA:18,3,0,37
BRDA:18,3,1,5
BRDA:22,4,0,42
BRDA:22,4,1,24
BRDA:26,5,0,44
BRDA:26,5,1,22
BRDA:36,6,0,44
BRDA:36,6,1,22
BRF:14
BRH:14
end_of_record
TN:
SF:/Users/julienlondeix/Documents/private/projects/knowledger/frontend/components/form/InputField.js
FN:6,(anonymous_0)
FNF:1
FNH:1
FNDA:161,(anonymous_0)
DA:7,161
DA:8,161
DA:25,10
LF:3
LH:3
BRDA:16,0,0,73
BRDA:16,0,1,88
BRF:2
BRH:2
end_of_record
TN:
SF:/Users/julienlondeix/Documents/private/projects/knowledger/frontend/components/form/LabelField.js
FN:5,(anonymous_0)
FNF:1
FNH:1
FNDA:348,(anonymous_0)
DA:6,348
DA:7,348
DA:16,14
LF:3
LH:3
BRF:0
BRH:0
end_of_record
TN:
SF:/Users/julienlondeix/Documents/private/projects/knowledger/frontend/components/form/TextareaField.js
FN:5,(anonymous_0)
FNF:1
FNH:1
FNDA:39,(anonymous_0)
DA:6,39
DA:7,39
DA:24,6
LF:3
LH:3
BRDA:15,0,0,1
BRDA:15,0,1,38
BRF:2
BRH:2
end_of_record
TN:
SF:/Users/julienlondeix/Documents/private/projects/knowledger/frontend/components/form/styles/StyledInputField.js
FNF:0
FNH:0
DA:3,10
LF:1
LH:1
BRF:0
BRH:0
end_of_record
TN:
SF:/Users/julienlondeix/Documents/private/projects/knowledger/frontend/components/loader/styles/StyledLoader.js
FN:20,(anonymous_0)
FNF:1
FNH:1
FNDA:10,(anonymous_0)
DA:3,2
DA:20,10
LF:2
LH:2
BRF:0
BRH:0
end_of_record
TN:
SF:/Users/julienlondeix/Documents/private/projects/knowledger/frontend/components/readStatus/form/ReadStatusSelect.js
FN:9,(anonymous_0)
FN:13,(anonymous_1)
FN:16,(anonymous_2)
FN:18,(anonymous_3)
FNF:4
FNH:4
FNDA:42,(anonymous_0)
FNDA:58,(anonymous_1)
FNDA:126,(anonymous_2)
FNDA:48,(anonymous_3)
DA:10,42
DA:11,42
DA:14,58
DA:15,42
DA:16,126
DA:17,42
DA:18,48
DA:20,42
DA:31,42
DA:41,4
LF:10
LH:10
BRDA:14,0,0,16
BRDA:14,0,1,42
BRDA:15,1,0,0
BRDA:15,1,1,42
BRDA:17,2,0,16
BRDA:17,2,1,26
BRDA:31,3,0,42
BRDA:31,3,1,0
BRF:8
BRH:6
end_of_record
TN:
SF:/Users/julienlondeix/Documents/private/projects/knowledger/frontend/components/styles/StyledError.js
FNF:0
FNH:0
DA:5,5
LF:1
LH:1
BRF:0
BRH:0
end_of_record
TN:
SF:/Users/julienlondeix/Documents/private/projects/knowledger/frontend/components/styles/StyledHeader.js
FNF:0
FNH:0
DA:3,1
LF:1
LH:1
BRF:0
BRH:0
end_of_record
TN:
SF:/Users/julienlondeix/Documents/private/projects/knowledger/frontend/components/styles/StyledNavbar.js
FN:34,(anonymous_0)
FNF:1
FNH:1
FNDA:1,(anonymous_0)
DA:3,1
DA:34,1
LF:2
LH:2
BRF:0
BRH:0
end_of_record
TN:
SF:/Users/julienlondeix/Documents/private/projects/knowledger/frontend/components/styles/StyledTitle.js
FN:11,(anonymous_0)
FN:24,(anonymous_1)
FN:42,(anonymous_2)
FNF:3
FNH:3
FNDA:1,(anonymous_0)
FNDA:1,(anonymous_1)
FNDA:1,(anonymous_2)
DA:3,1
DA:11,1
DA:24,1
DA:42,1
LF:4
LH:4
BRF:0
BRH:0
end_of_record
TN:
SF:/Users/julienlondeix/Documents/private/projects/knowledger/frontend/components/styles/Theme.js
FNF:0
FNH:0
DA:1,9
LF:1
LH:1
BRF:0
BRH:0
end_of_record
TN:
SF:/Users/julienlondeix/Documents/private/projects/knowledger/frontend/components/tag/form/TagSelect.js
FN:9,(anonymous_0)
FN:13,(anonymous_1)
FN:16,(anonymous_2)
FN:19,(anonymous_3)
FN:23,(anonymous_4)
FNF:5
FNH:5
FNDA:68,(anonymous_0)
FNDA:108,(anonymous_1)
FNDA:64,(anonymous_2)
FNDA:14,(anonymous_3)
FNDA:42,(anonymous_4)
DA:10,68
DA:11,68
DA:14,108
DA:15,68
DA:16,66
DA:17,66
DA:19,14
DA:22,66
DA:23,42
DA:25,66
DA:36,66
DA:46,7
LF:12
LH:12
BRDA:14,0,0,40
BRDA:14,0,1,68
BRDA:15,1,0,2
BRDA:15,1,1,66
BRDA:17,2,0,42
BRDA:17,2,1,24
BRDA:18,3,0,37
BRDA:18,3,1,5
BRDA:22,4,0,42
BRDA:22,4,1,24
BRDA:26,5,0,44
BRDA:26,5,1,22
BRDA:36,6,0,44
BRDA:36,6,1,22
BRF:14
BRH:14
end_of_record
TN:
SF:/Users/julienlondeix/Documents/private/projects/knowledger/frontend/components/utils/Paginator.js
FN:8,(anonymous_0)
FN:17,(anonymous_1)
FN:26,(anonymous_2)
FNF:3
FNH:3
FNDA:1,(anonymous_0)
FNDA:1,(anonymous_1)
FNDA:7,(anonymous_2)
DA:8,7
DA:9,1
DA:10,1
DA:12,1
DA:13,1
DA:17,7
DA:18,1
DA:19,1
DA:21,1
DA:22,1
DA:27,7
DA:29,7
DA:33,7
DA:52,1
LF:14
LH:14
BRDA:12,0,0,1
BRDA:12,0,1,0
BRDA:21,1,0,1
BRDA:21,1,1,0
BRF:4
BRH:2
end_of_record
TN:
SF:/Users/julienlondeix/Documents/private/projects/knowledger/frontend/pages/index.js
FN:1,(anonymous_0)
FNF:1
FNH:1
FNDA:1,(anonymous_0)
DA:1,1
DA:2,1
LF:2
LH:2
BRF:0
BRH:0
end_of_record
TN:
SF:/Users/julienlondeix/Documents/private/projects/knowledger/frontend/queries/ARTICLES_FEED_QUERY.js
FNF:0
FNH:0
DA:3,2
LF:1
LH:1
BRF:0
BRH:0
end_of_record
TN:
SF:/Users/julienlondeix/Documents/private/projects/knowledger/frontend/queries/ARTICLES_QUERY.js
FNF:0
FNH:0
DA:3,3
LF:1
LH:1
BRF:0
BRH:0
end_of_record
TN:
SF:/Users/julienlondeix/Documents/private/projects/knowledger/frontend/queries/ARTICLE_CREATE_MUTATION.js
FNF:0
FNH:0
DA:3,2
LF:1
LH:1
BRF:0
BRH:0
end_of_record
TN:
SF:/Users/julienlondeix/Documents/private/projects/knowledger/frontend/queries/ARTICLE_DELETE_MUTATION.js
FNF:0
FNH:0
DA:3,2
LF:1
LH:1
BRF:0
BRH:0
end_of_record
TN:
SF:/Users/julienlondeix/Documents/private/projects/knowledger/frontend/queries/ARTICLE_QUERY.js
FNF:0
FNH:0
DA:3,1
LF:1
LH:1
BRF:0
BRH:0
end_of_record
TN:
SF:/Users/julienlondeix/Documents/private/projects/knowledger/frontend/queries/ARTICLE_UPDATE_MUTATION.js
FNF:0
FNH:0
DA:17,2
LF:1
LH:1
BRF:0
BRH:0
end_of_record
TN:
SF:/Users/julienlondeix/Documents/private/projects/knowledger/frontend/queries/CATEGORIES_QUERY.js
FNF:0
FNH:0
DA:3,8
LF:1
LH:1
BRF:0
BRH:0
end_of_record
TN:
SF:/Users/julienlondeix/Documents/private/projects/knowledger/frontend/queries/READSTATUS_QUERY.js
FNF:0
FNH:0
DA:3,7
LF:1
LH:1
BRF:0
BRH:0
end_of_record
TN:
SF:/Users/julienlondeix/Documents/private/projects/knowledger/frontend/queries/TAGS_QUERY.js
FNF:0
FNH:0
DA:3,8
LF:1
LH:1
BRF:0
BRH:0
end_of_record
